LOG OF FantasticFinish2013_01_04BoysBasketball_Lakeviewvs SURVEY RESULTS

########
#GRADES#
########

RAW GRADES:
[5 5 5 5 4 5 4 5 5 5 4 5 5 4 5 5 5 5 2 5 5 5 4 5 5 4 5 5 4 5 5 5 5 5 5 5]
[4 4 3 1 3 3 4 4 3 5 4 5 4 4 4 2 4 5 2 2 4 5 4 3 5 4 4 3 4 5 2 4 4 5 5 2]
[4 4 4 1 4 4 4 4 4 5 4 5 4 3 3 1 4 5 3 1 4 5 4 4 4 4 4 3 5 4 4 4 4 5 5 4]
[4 5 3 4 4 4 5 4 5 4 4 5 4 3 5 4 3 5 5 2 5 5 4 4 3 4 4 3 5 5 4 5 4 5 5 5]
[4 3 3 3 4 2 5 3 4 4 4 5 4 5 3 4 5 5 4 2 2 5 4 4 4 4 2 4 5 4 2 4 4 4 5 3]
[4 4 2 2 4 1 4 4 4 4 5 5 3 4 3 4 3 5 4 2 4 4 4 3 4 4 4 2 5 5 3 4 2 2 5 1]
MEAN:
[4.722 3.694 3.833 4.222 3.778 3.528]
STANDARD ERROR:
[0.101 0.175 0.169 0.131 0.158 0.186]

STANDARDIZED GRADES:
[ 2.236  1.213  1.768  1.565  0.447  1.364 -0.707  1.732  1.213  1.
 -0.447  0.     1.732  0.243  1.3    1.213  1.225  0.    -1.206  2.138
  1.     0.447  0.     1.698  1.213  0.     1.3    1.768 -1.414  0.707
  1.508  1.414  1.3    0.603  0.     1.118]
[-0.447 -0.243 -0.354 -1.118 -2.236 -0.124 -0.707  0.    -1.698  1.
 -0.447  0.     0.     0.243  0.186 -0.97   0.     0.    -1.206 -0.267
  0.     0.447  0.    -1.213  1.213  0.     0.186 -0.354 -1.414  0.707
 -1.206 -0.707  0.186  0.603  0.    -0.894]
[-0.447 -0.243  0.707 -1.118  0.447  0.62  -0.707  0.    -0.243  1.
 -0.447  0.     0.    -1.213 -0.928 -1.698  0.     0.    -0.302 -1.069
  0.     0.447  0.     0.243 -0.243  0.     0.186 -0.354  0.707 -1.414
  0.603 -0.707  0.186  0.603  0.     0.447]
[-0.447  1.213 -0.354  0.894  0.447  0.62   1.414  0.     1.213 -1.
 -0.447  0.     0.    -1.213  1.3    0.485 -1.225  0.     1.508 -0.267
  1.     0.447  0.     0.243 -1.698  0.     0.186 -0.354  0.707  0.707
  0.603  1.414  0.186  0.603  0.     1.118]
[-0.447 -1.698 -0.354  0.224  0.447 -0.868  1.414 -1.732 -0.243 -1.
 -0.447  0.     0.     1.698 -0.928  0.485  1.225  0.     0.603 -0.267
 -2.     0.447  0.     0.243 -0.243  0.    -2.043  0.707  0.707 -1.414
 -1.206 -0.707  0.186 -0.302  0.    -0.224]
[-0.447 -0.243 -1.414 -0.447  0.447 -1.612 -0.707  0.    -0.243 -1.
  2.236  0.    -1.732  0.243 -0.928  0.485 -1.225  0.     0.603 -0.267
  0.    -2.236  0.    -1.213 -0.243  0.     0.186 -1.414  0.707  0.707
 -0.302 -0.707 -2.043 -2.111  0.    -1.565]
MEAN:
[ 0.852 -0.301 -0.137  0.258 -0.215 -0.458]
STANDARD ERROR:
[0.148 0.123 0.106 0.13  0.148 0.156]

#############
#VIDEO ORDER#
#############

RAW ORDERS:
[1 2 3 4 5 6]
[1 2 3 4 5 6]
[1 2 3 4 5 6]
[1 2 3 4 5 6]
[1 2 3 4 5 6]
[1 2 3 4 5 6]
[1 2 3 4 5 6]
[1 2 3 4 5 6]
[1 2 3 4 5 6]
[1 2 3 4 5 6]
[1 2 3 4 5 6]
[1 2 3 4 5 6]
[1 2 3 4 5 6]
[1 2 3 4 5 6]
[1 2 3 4 5 6]
[1 2 3 4 5 6]
[1 2 3 4 5 6]
[1 2 3 4 5 6]
[1 2 3 4 5 6]
[1 2 3 4 5 6]
[1 2 3 4 5 6]
[1 2 3 4 5 6]
[1 2 3 4 5 6]
[1 2 3 4 5 6]
[1 2 3 4 5 6]
[1 2 3 4 5 6]
[1 2 3 4 5 6]
[1 2 3 4 5 6]
[1 2 3 4 5 6]
[1 2 3 4 5 6]
[1 2 3 4 5 6]
[1 2 3 4 5 6]
[1 2 3 4 5 6]
[1 2 3 4 5 6]
[1 2 3 4 5 6]
[1 2 3 4 5 6]

#################
#VIDEO VIEW TIME#
#################

RAW TIMES:
[ 39863  34578  39571  25373  24631  52451 139738  27060  21868  26506
 123990  75813  52453 114496  24788  25473  35997  34615  59528  26910
  31013 294584 116911  38302  26094  18546 127696  24672  38176  26144
  35917  27287  95966  22867   8789  29038]
[26358 10099 18582  8979  8924 14113 50037 11753 11455  9151 36338 15343
  7724 36625 10039 16756  8593 16219 30802 10265 12265 13401  9747 29068
  8475 15295 13016 12469 49810  9446  9098  8526  9775  8569  7642 10350]
[ 24963   9266  14727   9146   8416  15307  10179   9428   9741   8456
 113428  15992   6225  11736   6955  12974  10879  14614  20924  11121
  11672  20035   6139  24410   8332  16928  10794   8881   9204  10000
   9975   8870   9611   6911   7235  10602]
[95166  6976 22873  8944  7681 10859  5366 14215  9081 10141 34057 18880
  6589  5624  6000 12050 11588 15053 24431 11244 10723 15490  9941 14662
  7792 12378 10616  9472  9099 18117  9387  8866 12547  6844  6843  9148]
[11627 17607 19365 12388  9677 15866 13513 13535 15303  8857 21476 17320
  8103  9356  6745 11736  8784  5675 24923 14416 10339 16909  7273 15186
  8590 11909 12693  9471 13164 19278  8731  8138  9978  6477  7336  9730]
[129041  13805  27893  10630   6630   9655   4530  13924   7782   9076
  45682  14907  10776   8235   3477  10941   8577  21419  17874   9495
   9316  15372   8538  28569   8617  12252  11535  13732  10296   9434
   8585   8200   9892   6569   9277  10182]
MEAN:
[54658.444 16252.972 14557.667 14131.75  12263.167 15686.528]

#################
#GRADE VIEW TIME#
#################

RAW TIMES:
[18540 24903  5563 16636 16150 30948 38760 43778 10216  4364  5948 20443
  2586  4033 12886 13053 22815 47111  7664  4994 11577 23109  3619  7824
  3241  7345 49166 42783  4263  3562 16190 11497 25205  5924  7934 25779]
[ 6969 17026 10721 31895  7040 38929 36763 79409 17798  4187  4783  6422
  1857  6397 14282 12472  8763 12965  6638  4438 11410  5485  5561  6107
  2610  4178 14036 26996  5413  6847 17372 14777 10250  7506  4812  9048]
[ 8719 23645  9174  3398  2983  8222  6031  7313  7002  3754 10005  6296
  1714  2894  2345  5148  5354  5538  4237  5521  9447  4994  3689  5306
  3025  7185  4315  4956  4070  3341  7165  3830  7511  2176  5593 18374]
[ 4493  7988 12148  5671  6537  7046  8204  8986  2092  4068  3681  4786
  1998  8274  2531  3415  9581  5681  6534  3769  8724  9290  2983  5292
  3122  9403  4748  5023  4151  5225  3609  2031  3041  1688  4664  7576]
[74840  9365  7987  4824  7761  8845 22957  6155  2276  4396  7511  4623
  2107  2980  3412  6191  3549 12636  7318  4145  5908  4359  2989  8586
  2985  5247  7458  3462  3780  5433  5236  4493  3710  2059 11100 11456]
[43321  8531  4029  2479  3230  7418  7564  8783  2335  3913 13244  8221
  3311  2704  2317  7501  3884 11839  4504  4025  5090 14766  2876  3348
  3338  8203  4362  9572  4056  4503  6874  2081  3454  3614  4580  7044]
MEAN:
[16678.028 13393.389  6229.722  5501.472  8114.972  6692.056]

###############
#DEVICE COUNTS#
###############

Desktop: 15
Laptop: 18
Tablet: 0
Smart phone: 3
Other device: 0

##################
#AGE GROUP COUNTS#
##################

18 - 24: 3
25 - 31: 16
32 - 38: 6
39 - 45: 2
46 - 52: 5
53 - 59: 0
60 and above: 4

################
#NETWORK COUNTS#
################

WiFi: 19
Cable network: 13
Cellular network: 4
Other: 0

###########
#REASONING#
###########

A111ZFNLXK1TCO: None
A1CINWYLYY8SGL: What was important were the crucial actions such as the ball coming down the court, the final shot, and the celebrating at the end to tell the viewer this was the final play.
A1DIXDR0Y7KXMT: Video time & focus
A1GRAM5PPP4P1W: The important part of the video is the guy scoring before the finish of the game
A1KHRQ121JTDF6: I look whether there was an important event during the video which communicated me something impactful 
A1MCDM4BGRBWDY: How captivating the clip is.
A1PCG4KUR2922R: None
A1Q4N7ZTNI9IKX: None
A1SWGSFIMZJQE: None
A1VPSWYSCJYPEB: none
A1XWTAY2OMLG3I: None
A2BJDKY8AZO24U: none
A2I6ZALE49CVSC: If any action was gonna happen.
A2KWEVSI7P1RGQ: None
A2TUUIV61CR0C7: The buzzer shot was the most scene in this video.
A2U53YHFUIT60P: some of then can show the important part
A2UHK8HUXXMSVM: Pass and throw like something that caught my attention
A2WJMGV0HKQG3Z: none
A2ZC4GG4ZU528L: None
A30N5H4N4C22N8: None
A31U7VGTEOY2RG: I look to see if a particular clip affected the outcome or not. I feel the basketball in the goal was the most important.
A33GRV0XTXK6CC: None
A3J08ETUZNPUF3: none
A3K27VN3NJEV60: good
A3K6LZAQZOAPB2: none
A3KL7XSJ2PO5IR: good
A3MF5GN0AFDWGN: important parts according to the entire video
A3NBJ2WSWYJPWY: None
A3NNWJI1G86RJ2: none
A3PQ5Q456J981M: none
A6AB1O0UYB7PI: The importance of what was been done in each clip. Went with my gut feeling
A7RHFLD74J0CU: Important to me was whether it helped the story be understood, and move forward.
AEQ6KLNVTRKKR: Whether I thought the next frame would be important and how much it was of interest to see it or not.
AKSJ3C5O3V9RB: If the clip made me wonder what was going to happen next
ANUAABBJ5A9OU: none
APY7Y08CHOZDP: If it seemed complete so you could know what happened. It was finished.
