LOG OF original_videos_Sports_360P_Sports_360P-50fd SURVEY RESULTS

########
#GRADES#
########

RAW GRADES:
[5 5 5 5 5 5 5 4 5 5 5 5 5 5 4 5 5 5 5 5 3 5 5 3 5 4 5 5 5 4 4 4 5 5 2 5 5
 3 5 5 5 5 5 4 5 5 5 5]
[3 1 1 4 3 5 2 3 2 4 5 4 4 5 5 4 2 4 4 5 2 2 3 2 5 3 4 4 3 1 3 5 2 5 3 4 4
 5 1 2 4 5 4 2 5 5 4 4]
[3 1 2 5 3 5 4 4 2 4 5 5 4 5 4 5 4 5 4 4 4 4 3 3 4 4 5 4 4 2 3 4 4 5 2 4 4
 3 4 3 1 5 4 2 5 5 4 4]
[3 4 4 5 4 5 5 5 2 4 5 5 5 5 5 4 4 5 4 4 5 4 3 5 4 4 4 4 5 4 5 4 5 4 4 4 3
 4 4 5 4 5 4 4 5 5 4 4]
[3 3 2 5 4 5 3 3 2 4 5 5 4 5 5 2 2 5 3 5 2 3 3 2 4 3 2 5 2 1 4 4 3 5 4 2 2
 2 2 2 5 5 4 2 5 5 3 4]
[3 4 2 5 4 5 3 3 2 3 5 5 4 5 5 5 1 5 4 5 3 3 3 1 5 4 5 3 4 1 3 4 2 5 4 3 4
 2 4 2 5 5 3 5 5 5 3 2]
MEAN:
[4.667 3.458 3.771 4.292 3.438 3.667]
STANDARD ERROR:
[0.099 0.184 0.154 0.098 0.179 0.18 ]

STANDARDIZED GRADES:
[ 2.236  1.309  1.698  0.447  1.698  0.     1.206  0.447  2.236  1.732
  0.     0.447  1.414  0.    -1.414  0.781  1.414  0.447  1.732  0.707
 -0.156  1.567  2.236  0.267  1.     0.707  0.781  1.213  1.093  1.364
  0.447 -0.447  1.192  0.447 -1.3    1.414  1.414 -0.156  1.213  1.364
  0.707  0.     1.732  0.687  0.     0.     1.698  1.3  ]
[-0.447 -1.309 -1.213 -2.236 -1.213  0.    -1.508 -0.894 -0.447  0.
  0.    -2.236 -0.707  0.     0.707 -0.156 -0.707 -2.236  0.     0.707
 -1.093 -1.567 -0.447 -0.535  1.    -1.414 -0.156 -0.243 -0.781 -0.868
 -0.894  2.236 -1.192  0.447 -0.186  0.354  0.354  1.718 -1.698 -0.868
  0.     0.     0.    -0.962  0.     0.     0.243  0.186]
[-0.447 -1.309 -0.485  0.447 -1.213  0.     0.302  0.447 -0.447  0.
  0.     0.447 -0.707  0.    -1.414  0.781  0.707  0.447  0.    -1.414
  0.781  0.522 -0.447  0.267 -1.     0.707  0.781 -0.243  0.156 -0.124
 -0.894 -0.447  0.397  0.447 -1.3    0.354  0.354 -0.156  0.485 -0.124
 -2.121  0.     0.    -0.962  0.     0.     0.243  0.186]
[-0.447  0.655  0.97   0.447  0.243  0.     1.206  1.789 -0.447  0.
  0.     0.447  1.414  0.     0.707 -0.156  0.707  0.447  0.    -1.414
  1.718  0.522 -0.447  1.871 -1.     0.707 -0.156 -0.243  1.093  1.364
  1.789 -0.447  1.192 -2.236  0.928  0.354 -0.707  0.781  0.485  1.364
  0.     0.     0.     0.687  0.     0.     0.243  0.186]
[-0.447  0.    -0.485  0.447  0.243  0.    -0.603 -0.894 -0.447  0.
  0.     0.447 -0.707  0.     0.707 -2.03  -0.707  0.447 -1.732  0.707
 -1.093 -0.522 -0.447 -0.535 -1.    -1.414 -2.03   1.213 -1.718 -0.868
  0.447 -0.447 -0.397  0.447  0.928 -1.768 -1.768 -1.093 -0.97  -0.868
  0.707  0.     0.    -0.962  0.     0.    -1.213  0.186]
[-0.447  0.655 -0.485  0.447  0.243  0.    -0.603 -0.894 -0.447 -1.732
  0.     0.447 -0.707  0.     0.707  0.781 -1.414  0.447  0.     0.707
 -0.156 -0.522 -0.447 -1.336  1.     0.707  0.781 -1.698  0.156 -0.868
 -0.894 -0.447 -1.192  0.447  0.928 -0.707  0.354 -1.093  0.485 -0.868
  0.707  0.    -1.732  1.511  0.     0.    -1.213 -2.043]
MEAN:
[ 0.84  -0.422 -0.125  0.346 -0.422 -0.217]
STANDARD ERROR:
[0.119 0.133 0.098 0.119 0.116 0.121]

#############
#VIDEO ORDER#
#############

RAW ORDERS:
[1 2 3 4 5 6]
[1 2 3 4 5 6]
[1 2 3 4 5 6]
[1 2 3 4 5 6]
[1 2 3 4 5 6]
[1 2 3 4 5 6]
[1 2 3 4 5 6]
[1 2 3 4 5 6]
[1 2 3 4 5 6]
[1 2 3 4 5 6]
[1 2 3 4 5 6]
[1 2 3 4 5 6]
[1 2 3 4 5 6]
[1 2 3 4 5 6]
[1 2 3 4 5 6]
[1 2 3 4 5 6]
[1 2 3 4 5 6]
[1 2 3 4 5 6]
[1 2 3 4 5 6]
[1 2 3 4 5 6]
[1 2 3 4 5 6]
[1 2 3 4 5 6]
[1 2 3 4 5 6]
[1 2 3 4 5 6]
[1 2 3 4 5 6]
[1 2 3 4 5 6]
[1 2 3 4 5 6]
[1 2 3 4 5 6]
[1 2 3 4 5 6]
[1 2 3 4 5 6]
[1 2 3 4 5 6]
[1 2 3 4 5 6]
[1 2 3 4 5 6]
[1 2 3 4 5 6]
[1 2 3 4 5 6]
[1 2 3 4 5 6]
[1 2 3 4 5 6]
[1 2 3 4 5 6]
[1 2 3 4 5 6]
[1 2 3 4 5 6]
[1 2 3 4 5 6]
[1 2 3 4 5 6]
[1 2 3 4 5 6]
[1 2 3 4 5 6]
[1 2 3 4 5 6]
[1 2 3 4 5 6]
[1 2 3 4 5 6]
[1 2 3 4 5 6]

#################
#VIDEO VIEW TIME#
#################

RAW TIMES:
[ 29873  78531  31995  31661  19223  24549  25961  25508  42244  55904
  52155  44042  29820  30555  25692  52077  52580  22582  25031  61026
  38800  30946 123854 204359 103642  32230  25426  31029  38415  53587
  37100  37530  63950  34346 191625  22940  25071  27297  34597  31689
  40143  20412  93148 350764  65485  16714  36076  26550]
[ 10209  21805  12111  16473  27836  17180   8837   7566  36319  45984
  14893  30432  14324  16579   9533   9622  12944  28502  21969  47403
  14111   9930  27936  10655  20002  11953   8545  11478   7531  14479
  19390  11840  12556  25587  58018   7630   8464  18502  14822  13024
   9758   5861 118902  12325  16914   8036  59097   8136]
[10514 28056 12925 11672 16340 17675  8306  9319 75325 73932 13332 28430
 12469 24958 14357 14878 10261  9079  8949 31609 16793  9179 26214  9602
 67128 11391  8183 10521  7387 16128 17534 12311 13428 28618 39165  7321
  8940  9945 13256 13055 71184  6934 56648  7844 14276 15079 27710  7377]
[ 8332 39086 13002  7871 15054 21696  7788  8841 29741 45559 17871 84393
 13456 23387 11483  9031  7133  9258 11571 27593  9828  8882 24611 10579
 10194 11126  6830 13866  6720  8833 24260 24683 10310 88149 24022  6818
  7604  8816 11883 10496 14528  4903 35511  7468 74176 11169 46861  7113]
[ 7840 13746 13118 10479 19989 34273  7700  9605 12274 77038 12053 10058
 12076 15725 14988  9437 10941  9626 13741 53308  8952  8865 22447 10063
  8070  9322  8592 10510  6247  9849 20655 11032 14379  9681 23551  7445
  7287  9101 34309 11389 21015  6072 31887  6961 26529 10541 24798  7257]
[ 8008 11586 12175  7902 15794 13985  6456  8662 13456 41811 12388 11137
 17033 15675 10828  8890  9219 12053  8988 22631  9941  8190 21932  6269
  7797 10045  7216 12927  6400  8276 15023 10310 12464 10915 20321  7265
  7017  7955 21387  8884 15881  5437 47640  6511  8039  9077 15401  7484]
MEAN:
[54140.292 20333.396 20532.021 19633.021 15725.438 12597.521]

#################
#GRADE VIEW TIME#
#################

RAW TIMES:
[11828 38520  8406  3479  5304  3125 14611  3235 62042 23933  9319  4180
 18261 12829  5597 21333 17801  8255 21947  6667  8785 18223 50838  5329
  4019  7036 20676 16625 19604 19138 14265  9734 37447  4827 24835 13400
 10898 11350 37775 41645  3329  7745 10576  5013  3175  9158 12051 24549]
[10556 14429  7384  4259  4036  3218  9029  3416 23891  6395  3610  4617
 21112 10405 12601  9254  5096  4328  8687 15405 12128 16175 75345  3698
  2794  5539 26338  6550 13832  8047  8771 15683 30693  4365  9130 10102
  9371 21689 21729 15748  3144  6554 29407  4113  5071  4762  8513  9575]
[ 4468 20493  8445  2775  3861  2995  2281  2556 21692  4071  3341  4132
  5405 14415  8952  3528  3840  3079  3426 18531  4918  4728 20392  5044
  2990  4185  9065  5417  2522 20241  6520 11093 11415  4222  8785  1980
  8242  7572 11743  7244  3917  6197  9157  4835  4493  4565  5093  4180]
[ 2605 26123  6787  2932  4327  3180  2335  4765 20660  4241  3457  3446
  5064  6915  4492 12691  5505  3594  3090 11059  2923  4362 35526  5317
  2861  8897  2459  4577  2377  8374  5215  5760 16603  4429  5303  2429
  4192  6130  6739 17232  3226  6102  6992  1764  4788  3555  6868  3363]
[ 3361  6859  6619  2763  3410  4736  2220  5509 64047 21202  6354  4392
  4848  9037  4389  4425  4065  3099  3152  7251  3671  2621 21480  4183
  2669  3960  2857  4688  2294  3337  7431  5006 17241  4679  7775  3916
  2556  3404 20218  3494 12966  6251 10835  1286  3368  4099  7852  2417]
[ 3080 12836  5900  2831  3419  3422  2253  3524  5297  5848  5362  4949
  4810  8545  4473  5632  3590  3525  2925 15864  4430  2749 11362  4522
  2752  3757  2940 20302  1875 10554  6826  5692 11562  4981  4587  7391
  6139  2813 22723  6669  8914  5844  8234  4142  3103  4296  4268  6393]
MEAN:
[15681.604 11887.375  7146.688  6783.979  7256.083  6206.354]

###############
#DEVICE COUNTS#
###############

Desktop: 17
Laptop: 24
Tablet: 2
Smart phone: 2
Other device: 1

##################
#AGE GROUP COUNTS#
##################

18 - 24: 4
25 - 31: 24
32 - 38: 11
39 - 45: 5
46 - 52: 2
53 - 59: 2
60 and above: 0

################
#NETWORK COUNTS#
################

WiFi: 27
Cable network: 18
Cellular network: 1
Other: 0

###########
#REASONING#
###########

A3FMBSTZ3ZGSV1: None
AZ4HOU8N4FZ53: iT'S FUN
A322PKD0V62M27: person hanging on the basket ball net.
A3K6LZAQZOAPB2: none
A37O5SYY9VWSPY: i ntoticed important events in that video and rated according to that.
A3NNWJI1G86RJ2: none
A1PTH9KTRO06EG: Whether you got the main idea of the video from the clip for the most part.
AKPLFCDUFZXBG: If anything happens it shouldn't be as important as the main action.
A1E1ELZBYM0JZA: good task
ATBBPV37O4K6N: none
A3PQ5Q456J981M: none
A3J08ETUZNPUF3: none
A2519LCLPN7Y6I  : nenhum
A3J2875P6N7IZ3: good
A2726YRGIF5ZXL: none
AK9T3R29EEJNT: If there was something interesting/rising action
AUCEAYEONG92V: none
A29GLTXKFWGH1Z: none
A30US88GBGBG0V: if it was a long video or not and if there was action in the video
A1ZZCIE79O3048: None
AS4NIEQJWCG3M: I just thought about which one shows the subject the best.
A1ZCP2OQXOMAHN: If there is a strong action happening in the video then I consider it important, but if it is just a motion without much consequence, I consider it unimportant
AB77P0ABU54TS: None
A30MP4LXV4MIFD: None
A86CAG3LG83GG: i saw the quality of the video
A2UC4H3EHIMWGC: None
A9WIOFVRSYW3L: If videos were not complete I was more curious how it will end. 
AZBS0MVCBSCGY: None
A2SOHTPWH4VGP5: I thought there were scenes of action that were necessary to understand the video
AU0KL60G7FCCK: How much content there was 
A217SPPLMXP0CH: none
A1I191EFSS3UDR: "None"
AEQI66Y2JSY05: How relevant it is to the purpose of the video, which seems to be to record a stunt jump. The clip which shows the actual jump is thus the most important.
A2KWEVSI7P1RGQ: None
A2PSVTKXPTTF60: the video quality
A26NGLGGFTATVN: Whether or not the part of the video added to the viewing experience or was relevant.
AKSJ3C5O3V9RB: If the clip made me wonder what was going to happen next
A2LCRHTK0WQEOM: None
A3MF5GN0AFDWGN: The content of the video in total and what happens in each part of the clippings made
A3OZ8KF0HWSVWK: If the clip showed the major action (dunking) important to the video. 
A3W5BTNHDA9U64: None
A1JWVT9JBWD3KC: good
A1OX5KXDZAVQPJ: none
A1USDMJVT10CE4: If there was any action going on.
A1VPSWYSCJYPEB: none
AYMJAMX7Z7YHG: none
A3K2VLYC2UX2DN: none
A3UV55HC87DO9C: If it was the beginning, end or middle of the clip. Also camera angles.
