LOG OF original_videos_Gaming_2160P_Gaming_2160P-2cb1 SURVEY RESULTS

########
#GRADES#
########

RAW GRADES:
[5 5 5 5 5 5 5 5 5 5 5 5 5 3 5 5 4 5 5 5 5 5 5 5 5 5 5 5 5 4 5 4 3 5 5 2 5]
[4 2 4 4 5 3 3 5 2 4 5 5 4 5 5 3 2 2 5 4 2 3 3 3 2 4 5 3 3 2 3 4 5 4 4 2 3]
[5 4 4 4 5 4 5 5 2 4 5 5 5 4 5 4 4 5 4 4 4 5 3 3 3 4 5 4 3 5 3 2 5 4 4 3 4]
[5 5 5 4 5 4 4 5 3 4 5 5 4 4 5 4 4 4 3 5 3 5 4 3 3 2 5 4 3 5 4 4 5 4 4 4 5]
[2 3 3 4 3 3 4 5 3 3 5 5 5 2 5 3 2 2 2 1 2 3 4 3 2 1 5 3 3 2 4 4 3 3 2 2 1]
[2 1 3 2 5 2 2 5 3 3 5 5 3 5 5 4 1 1 3 1 1 2 3 3 3 2 5 2 3 1 3 3 1 2 2 2 3]
MEAN:
[4.73  3.541 4.081 4.162 3.027 2.757]
STANDARD ERROR:
[0.112 0.178 0.14  0.13  0.193 0.218]

STANDARDIZED GRADES:
[ 0.868  1.118  1.225  1.3    0.447  1.567  1.093  0.     2.     1.698
  0.     0.     0.894 -0.781  0.     1.698  0.962  1.166  1.206  0.981
  1.612  0.962  1.789  2.236  2.     1.414  0.     1.567  2.236  0.53
  1.789  0.655 -0.447  1.414  1.342 -0.655  1.083]
[ 0.124 -0.894  0.     0.186  0.447 -0.522 -0.781  0.    -1.     0.243
  0.     0.    -0.447  1.093  0.    -1.213 -0.687 -0.742  1.206  0.392
 -0.62  -0.687 -0.894 -0.447 -1.     0.707  0.    -0.522 -0.447 -0.742
 -0.894  0.655  0.894  0.354  0.447 -0.655 -0.361]
[ 0.868  0.447  0.     0.186  0.447  0.522  1.093  0.    -1.     0.243
  0.     0.     0.894  0.156  0.     0.243  0.962  1.166  0.302  0.392
  0.868  0.962 -0.894 -0.447  0.     0.707  0.     0.522 -0.447  1.166
 -0.894 -1.964  0.894  0.354  0.447  0.655  0.361]
[ 0.868  1.118  1.225  0.186  0.447  0.522  0.156  0.     0.     0.243
  0.     0.    -0.447  0.156  0.     0.243  0.962  0.53  -0.603  0.981
  0.124  0.962  0.447 -0.447  0.    -0.707  0.     0.522 -0.447  1.166
  0.447  0.655  0.894  0.354  0.447  1.964  1.083]
[-1.364 -0.224 -1.225  0.186 -2.236 -0.522  0.156  0.     0.    -1.213
  0.     0.     0.894 -1.718  0.    -1.213 -0.687 -0.742 -1.508 -1.373
 -0.62  -0.687  0.447 -0.447 -1.    -1.414  0.    -0.522 -0.447 -0.742
  0.447  0.655 -0.447 -0.707 -1.342 -0.655 -1.806]
[-1.364 -1.565 -1.225 -2.043  0.447 -1.567 -1.718  0.     0.    -1.213
  0.     0.    -1.789  1.093  0.     0.243 -1.511 -1.378 -0.603 -1.373
 -1.364 -1.511 -0.894 -0.447  0.    -0.707  0.    -1.567 -0.447 -1.378
 -0.894 -0.655 -1.789 -1.768 -1.342 -0.655 -0.361]
MEAN:
[ 0.999 -0.184  0.249  0.38  -0.597 -0.847]
STANDARD ERROR:
[0.129 0.103 0.109 0.094 0.119 0.125]

#############
#VIDEO ORDER#
#############

RAW ORDERS:
[1 2 3 4 5 6]
[1 2 3 4 5 6]
[1 2 3 4 5 6]
[1 2 3 4 5 6]
[1 2 3 4 5 6]
[1 2 3 4 5 6]
[1 2 3 4 5 6]
[1 2 3 4 5 6]
[1 2 3 4 5 6]
[1 2 3 4 5 6]
[1 2 3 4 5 6]
[1 2 3 4 5 6]
[1 2 3 4 5 6]
[1 2 3 4 5 6]
[1 2 3 4 5 6]
[1 2 3 4 5 6]
[1 2 3 4 5 6]
[1 2 3 4 5 6]
[1 2 3 4 5 6]
[1 2 3 4 5 6]
[1 2 3 4 5 6]
[1 2 3 4 5 6]
[1 2 3 4 5 6]
[1 2 3 4 5 6]
[1 2 3 4 5 6]
[1 2 3 4 5 6]
[1 2 3 4 5 6]
[1 2 3 4 5 6]
[1 2 3 4 5 6]
[1 2 3 4 5 6]
[1 2 3 4 5 6]
[1 2 3 4 5 6]
[1 2 3 4 5 6]
[1 2 3 4 5 6]
[1 2 3 4 5 6]
[1 2 3 4 5 6]
[1 2 3 4 5 6]

#################
#VIDEO VIEW TIME#
#################

RAW TIMES:
[ 25015  27842  22696  53214  98256  29036  25731  36629   6726  27182
  41196 181282  38548  49955  34033  24877  31665  24772  30259  41158
  25672  24791  31748  25521  42369  20884  28523  27930  28630  24720
  59627  13709  25279  29378  27594  28947  29436]
[ 8419  7535 10957 15024 14562  8081 10933 15401  5260  7922  9981 32603
 21281 33261 19820  7333 11971  8112 11298 18027 10162  8803 10125  8695
 18788  9596 19216  7525  9981  8936 14446 12296 40691 12773 10324 14414
 31727]
[ 8382  7241 10072 10063  8851  6790  9115 14418  6720 14001 16318 20222
 28323 14312 19078  6800 10195  8180 13260 19225  8483  7649 10937  6486
 29299 10902 63680  8121 10286  7502 13623 61181 12949 13185 10084 12150
  9595]
[ 8728  6981 10181 17387  9604  6412 12287 15115  5341 22052 20536 20696
 42908 30017 18570  7376  9807  9507 12914 18608 16116  7415  9930 14172
 35295  8031 35376 10244 10436  7068 13996  7755 28373 10393  9876 11215
  6815]
[ 8189  8568 11928  7570  8704  7460 10168 21759  4048  7162 13785 11923
 32457 14652 15990  7527 10420 12165  8922 15544  7513  7638  9685  7366
 13490  8418 26943 10837  9809  8252 23167  8020 10869  9309  8982 11758
  8270]
[ 3491  7457 11827 28644  8334  6579  9000 20127  4852  7329  9025 20243
 21231 29279 19491  6671  9749  9658 10248 18477  7239  7494  8464  7087
 16537  8569 30601  8055 10468  7712 18352 13762 11700  9239 11305  8623
 10570]
MEAN:
[36346.757 14223.757 14802.108 14798.189 11601.811 12364.568]

#################
#GRADE VIEW TIME#
#################

RAW TIMES:
[12351 12996 32777 34119 40968  7857  8996 10916  5382 17448  5229  7136
  8892  7106 13943 10587 19112 14101 20250 11759 32280 13716  4137 12909
 10069  9707  3726 21247  7783 16498 10086 14730  4139 15482  9447 30839
 10261]
[11812  8459 18258 20656 10265  5106 14869  4572 11421  7374  6231  4834
  6520  9353  6157 16330  6919 13678 21729 11561 13194  4646  6744 14417
  6269 27488  6212 10010  4507  6479 10398 13881  4422 19416 18511 13616
 12033]
[ 2787  4921  6352  8655  9304  3474  2576  4448  5840  2779  4553  4438
  9447 17319  4196  9445  2958  4692 17695  3393  5014  4471  3653  7930
  4940  4584  2972  2797  4608  2672  7674 26616  4574  7799  6684  5821
  3224]
[ 2553  2315  5967  6756 21481  3963 18516  4846  4429  2724 19169  6017
  9321  4623  4779  3105  9106  4529 31209  3343  3153  2540  3805  9103
  4003  3340  4682  2321  4209  3168  4786  3116  4537  7110  3255  5416
  3232]
[ 7765  2443  8101  6009  5723  3106  3880  4137  3678  2640  4226  4840
 12198  4612  4814  2564  3717  3107  8392  4765  2051 11055  3493  2622
  3843  3661  4402  2201  4364  3232  4741  3273  4345  8261  4894  4628
  3058]
[11337  4256  3739  4693  6787  2566  9917  4195  4899  3204  4330  4651
  6496 19009  5069  2731  2749  3127  8460  3383  4016  2712  4205  3262
  4665  2180  3801  3470  5008  4111  4935  3931  4201  4493  4688 22159
  6011]
MEAN:
[14296.784 11036.405  6359.595  6500.73   4725.432  5498.541]

###############
#DEVICE COUNTS#
###############

Desktop: 18
Laptop: 14
Tablet: 0
Smart phone: 3
Other device: 0

##################
#AGE GROUP COUNTS#
##################

18 - 24: 3
25 - 31: 18
32 - 38: 12
39 - 45: 1
46 - 52: 1
53 - 59: 1
60 and above: 1

################
#NETWORK COUNTS#
################

WiFi: 15
Cable network: 18
Cellular network: 2
Other: 0

###########
#REASONING#
###########

A12OZ7P7Z41SJI: When the action was the most exciting
A18AHCP8Q48IOP: Because it was a clip of gameplay, I focused on whether the player was making important moves or actively being attacked.
A19KEGILQJP7ST: None
A1HFPDHBLO6KZW: some part of this are not quite string with what the game movement is about 
A1O4AAQX2KCD3N: None
A1PTH9KTRO06EG: I just tried to see if the video emcompassed the main action taking place in the video.
A1RK0CUIRZH3PT: i believe that its more important when the tank is shooting so and looking where to shoot to see if it hits something
A1XGHGHD0LCPXJ: None
A1YTOWIG4C22AN: not revealing, little time
A1ZDR2UN7M92LI: How much action was going on in the scene.
A2726YRGIF5ZXL: none
A29GLTXKFWGH1Z: none
A2GRJVN7B5YR96: NONE
A2HSP6MZC9K06D: None
A2QGBF0K3MBMBL: None
A2VTY63L3RN75V: I evaluated the video
A2WUXZOY4CRF5R: if there is any significant scene in the video like launch a target, etc
A30MP4LXV4MIFD: If the action was a good representation of the whole clip/scene.
A30N5H4N4C22N8: None
A37O5SYY9VWSPY: i ntoticed important events in that video and rated according to that.
A37XBH865833FE: If it had something major happening on screen I considered it important and if it was nothing really interesting I did not.
A3AK3UL0UCNVKE: If something happened that was important to the action of the main character (controlling the tank, in this case)
A3FMBSTZ3ZGSV1: None
A58QOLDFC179Q: None
A6PO7JT39QQGP: yes i will see the difference
A7M6KMSX4TWYD: I decided in base of what was happening. I choose clips in base of quality gameplay.
A86CAG3LG83GG: None
AAW7K3KWEL2HD: How much action there was showing gameplay.
AFASY2VX8PADR: None
AKPLFCDUFZXBG: I find it more interesting when some actions take place in the video, if anything happens it shouldn't be as important as the main action.
ANZN7CH92GM4X: None
APO6KZZ79PO9Q: NONE
AR9V5TYKSZQ78: None
AU9LWTQSNY73: Whether I was intrigued or not
AV5FCKI1TTSKR: If the tank fired at an opponent
AVCOBHDVXZOZL: none
AZJVAP536DY13: If the clip showed action or just nothing
