LOG OF original_videos_Sports_720P_Sports_720P-07d0 SURVEY RESULTS

########
#GRADES#
########

RAW GRADES:
[5 5 5 4 5 2 5 4 5 4 4 5 5 5 4 5 4 5 5 5 5 5 5 5 5 4 5 5 5 4 5 5 5 5 4 5 5
 5 5 4 5 5 5 3 5 5 5 3 4]
[3 3 5 4 5 1 4 3 2 5 5 4 5 4 5 4 5 5 4 5 3 1 5 1 4 3 2 3 4 4 1 4 4 5 4 5 4
 5 3 4 3 5 5 4 4 1 4 2 4]
[3 1 4 4 2 3 3 3 2 4 3 4 5 2 4 4 4 5 1 5 2 1 4 1 4 5 3 4 4 4 1 5 4 4 4 5 5
 4 2 4 2 5 5 4 2 1 5 3 3]
[2 1 2 3 3 1 2 3 3 4 5 2 5 1 4 4 4 5 2 5 2 1 5 1 2 4 3 3 4 3 1 5 4 2 4 4 5
 3 1 3 2 5 5 2 1 1 5 3 3]
[3 4 4 4 5 2 4 3 2 4 5 3 5 2 4 4 4 5 4 5 2 1 4 1 2 5 4 2 5 4 1 3 4 3 4 5 5
 4 4 4 2 5 5 3 2 1 4 4 4]
[3 4 3 4 4 3 4 3 3 4 5 4 5 1 3 4 4 5 4 5 4 1 5 1 2 5 2 3 5 3 2 5 4 3 4 5 5
 5 3 4 3 5 5 2 4 1 5 1 4]
MEAN:
[4.633 3.714 3.388 3.02  3.531 3.592]
STANDARD ERROR:
[0.094 0.178 0.184 0.199 0.176 0.18 ]

STANDARDIZED GRADES:
[ 2.043  1.309  1.093  0.447  0.866  0.     1.414  2.236  2.03  -0.447
 -0.655  1.414  0.     1.667  0.     2.236 -0.447  0.     1.213  0.
  1.732  2.236  0.707  2.236  1.511 -0.447  1.718  1.768  1.     0.707
  2.165  0.655  2.236  1.206  0.     0.447  0.447  0.894  1.549  0.447
  2.03   0.     0.     0.     1.414  2.236  0.707  0.354  0.707]
[-0.186  0.     1.093  0.447  0.866 -1.225  0.354 -0.447 -0.781  2.236
  0.655  0.354  0.     1.     1.732 -0.447  2.236  0.     0.485  0.
  0.    -0.447  0.707 -0.447  0.687 -1.789 -1.093 -0.354 -1.     0.707
 -0.57  -0.655 -0.447  1.206  0.     0.447 -2.236  0.894  0.     0.447
  0.156  0.     0.     1.225  0.707 -0.447 -1.414 -0.707  0.707]
[-0.186 -1.309  0.156  0.447 -1.732  1.225 -0.707 -0.447 -0.781 -0.447
 -1.964  0.354  0.    -0.333  0.    -0.447 -0.447  0.    -1.698  0.
 -0.866 -0.447 -1.414 -0.447  0.687  0.894 -0.156  0.707 -1.     0.707
 -0.57   0.655 -0.447  0.302  0.     0.447  0.447 -0.447 -0.775  0.447
 -0.781  0.     0.     1.225 -0.707 -0.447  0.707  0.354 -1.414]
[-1.3   -1.309 -1.718 -2.236 -0.866 -1.225 -1.768 -0.447  0.156 -0.447
  0.655 -1.768  0.    -1.     0.    -0.447 -0.447  0.    -0.97   0.
 -0.866 -0.447  0.707 -0.447 -0.962 -0.447 -0.156 -0.354 -1.    -1.414
 -0.57   0.655 -0.447 -1.508  0.    -2.236  0.447 -1.789 -1.549 -2.236
 -0.781  0.     0.    -1.225 -1.414 -0.447  0.707  0.354 -1.414]
[-0.186  0.655  0.156  0.447  0.866  0.     0.354 -0.447 -0.781 -0.447
  0.655 -0.707  0.    -0.333  0.    -0.447 -0.447  0.     0.485  0.
 -0.866 -0.447 -1.414 -0.447 -0.962  0.894  0.781 -1.414  1.     0.707
 -0.57  -1.964 -0.447 -0.603  0.     0.447  0.447 -0.447  0.775  0.447
 -0.781  0.     0.     0.    -0.707 -0.447 -1.414  1.414  0.707]
[-0.186  0.655 -0.781  0.447  0.     1.225  0.354 -0.447  0.156 -0.447
  0.655  0.354  0.    -1.    -1.732 -0.447 -0.447  0.     0.485  0.
  0.866 -0.447  0.707 -0.447 -0.962  0.894 -1.093 -0.354  1.    -1.414
  0.114  0.655 -0.447 -0.603  0.     0.447  0.447  0.894  0.     0.447
  0.156  0.     0.    -1.225  0.707 -0.447  0.707 -1.768  0.707]
MEAN:
[ 0.961  0.095 -0.218 -0.693 -0.112 -0.033]
STANDARD ERROR:
[0.124 0.13  0.107 0.114 0.101 0.102]

#############
#VIDEO ORDER#
#############

RAW ORDERS:
[1 2 3 4 5 6]
[1 2 3 4 5 6]
[1 2 3 4 5 6]
[1 2 3 4 5 6]
[1 2 3 4 5 6]
[1 2 3 4 5 6]
[1 2 3 4 5 6]
[1 2 3 4 5 6]
[1 2 3 4 5 6]
[1 2 3 4 5 6]
[1 2 3 4 5 6]
[1 2 3 4 5 6]
[1 2 3 4 5 6]
[1 2 3 4 5 6]
[1 2 3 4 5 6]
[1 2 3 4 5 6]
[1 2 3 4 5 6]
[1 2 3 4 5 6]
[1 2 3 4 5 6]
[1 2 3 4 5 6]
[1 2 3 4 5 6]
[1 2 3 4 5 6]
[1 2 3 4 5 6]
[1 2 3 4 5 6]
[1 2 3 4 5 6]
[1 2 3 4 5 6]
[1 2 3 4 5 6]
[1 2 3 4 5 6]
[1 2 3 4 5 6]
[1 2 3 4 5 6]
[1 2 3 4 5 6]
[1 2 3 4 5 6]
[1 2 3 4 5 6]
[1 2 3 4 5 6]
[1 2 3 4 5 6]
[1 2 3 4 5 6]
[1 2 3 4 5 6]
[1 2 3 4 5 6]
[1 2 3 4 5 6]
[1 2 3 4 5 6]
[1 2 3 4 5 6]
[1 2 3 4 5 6]
[1 2 3 4 5 6]
[1 2 3 4 5 6]
[1 2 3 4 5 6]
[1 2 3 4 5 6]
[1 2 3 4 5 6]
[1 2 3 4 5 6]
[1 2 3 4 5 6]

#################
#VIDEO VIEW TIME#
#################

RAW TIMES:
[  5786  19252  24859  14228  49622  29460  30182   9019  28603  36094
  55964  24461  31960  24785   5375  19427  40683  31100  27314  45456
  28402  54940  38090  24725  32169  27187  28903  31461  33933   9472
  44245  29833  34683  24277  15016   8484  33671  84264  68724  57027
  22231  21740  31632  25455  25350  40896  35523 114897  15246]
[ 4914  7942  8554 18226 12815  9455  8826  3621 10497 25652 52354  7519
 18787  8312  6299  8213 16951 10195 15217 21275  8877 23605  8786 10515
  8887 14648 14957 12861 11920  6960  8899 11132 11652  6925  8546  8656
 13605 31470  9563 61179 13317  4541 16307  9333 27514 17295 24193 48090
 15848]
[ 2759  6039  8393  1785 12181  8344  9284  2035  9175  4261 16649  8073
 18292  6119  4971  6502 20797  9504 13516 17830  6769 16496 10637  9389
  9731 15155 13466 11065 11683  9637  8219 12560 12997  7313 12161  6436
 12112 21152  8501  9340 13806  5677 10973  7255  9255 14509 14540 43182
  8861]
[  3428   7107  10295   1801  10768   6588   6799   1626   9606  17384
  16812   8258  10698   6720   1443   5408  25937  19031  15510  13566
   5850  15386  10024  11570   8531  42633   9935  17472  13505   8331
   4698  14530 201741   7350  11423   8615  13202  12789   9672  10731
  23834   4834  11629   9157   9199  46426  13038  21650  10553]
[ 2756  5739  6239  1901  9388  8006  7727  9996 11790 10204 15815  7297
 11688  6539  1171  5051 25846 13887 12611 16434  6717 15424 15296  9548
  9721  4504  8825  8723 14711  8663  5805 19820  3518  7525 10065  6654
 10999 14299 10586  8422 11116  6084  9939  6643  9643 13511 13112  6191
  6724]
[ 3030  6177  7862  2914  8185  7338  9753  6553  8949 13324 14719  7017
 10046  5739  1322  5157 17366 14425 12774 18765  7796 20169  9990 10830
 13296  8443  8762 14106 15982  9643  4800 14928  8315  7407  9661 17292
 14182 11566  8400 13076 14853  5147 77609  7273  8903 20221 11618  7332
  9077]
MEAN:
[32573.592 15218.469 11007.878 16063.122  9650.469 11675.347]

#################
#GRADE VIEW TIME#
#################

RAW TIMES:
[14953 11960  9774 12587 13207 16861 17367  7115 15503  4895  7311 12007
  5730 14500  7507 18774 11182  6301 26710 12929 17192 41162  9625 18866
  8379  5507  4931  9661  8200  4942 21241 22451  3547 20762  4127  4130
 12993 33836 10261  3151 16197  6847 16815 20333  8440 19316  8412  7605
  3646]
[ 6408 12243  4307  1901  9758  4262  5551  6761 22582  5259  8775  9469
  5254 31811  2226 11897 17673  7247 16682  8355  7746 14626  8917  6556
 18778  4813  5970  9733  4401  7799  7867 13055  3176 12635  3424  3755
 21304 20703  7538  3138  7140  5816 10899  6768 13039 29217  7283  2746
  3447]
[ 2743  1635  2167  2122 14962 11979  2251  1809  7451  4511  7523  3261
  3925 14590  1762  7198  7397  5045 16340  7572  6071 19295  9817  3786
  4149  4548  3341  3728  3722  8893 22446  9907  3045  3641  3842  4205
  4086 12906  7265  2951  9487  6732  7691  7453  3116 30990  5658  3482
  3724]
[ 2971  1779  6731  2844  8219  2355  3238  1951  3914  4708 10989  2239
 28879  2728  1490  3589  4896  4609 20895  5883  9461 10004  4186  3507
  3781  4506  4472  5828  4870  3623  3613  3947  2890  1962  3698  4599
  3650  4938  6411  3240 12530  5535  4705  5421  5671 33147  6264  3293
  5536]
[ 2425  1886  2975  1748  3249  2016  2179  2490  6648  5088  5485  4427
  3496  1616  1704  3963  4994  6129  9107  7656  2301  8230  5897  3371
  3183 10814  5961  4845  5420 12286  7926  6719  3152  3751  3502  5107
  3291  4914 54796  3373  5304  5251  4243  2226  7009 25187  5692  3051
  3390]
[ 3289  3091  1929  1809  2794  2370  2402 27139  4002  8302  7859  1965
  3072  3646  1699  4313  4719  5181  6629  5686  2891 13897  4849  7906
  3285  4600  4683  4818  4829  3013  3682  4285  3204  3988  4442  4826
  4838  5320  3739  3253  7462 11629 19016  3408  3349 16369  6287  8397
  3503]
MEAN:
[12647.918  9606.327  7065.714  6126.429  6111.694  5666.612]

###############
#DEVICE COUNTS#
###############

Desktop: 25
Laptop: 19
Tablet: 0
Smart phone: 5
Other device: 0

##################
#AGE GROUP COUNTS#
##################

18 - 24: 4
25 - 31: 32
32 - 38: 7
39 - 45: 4
46 - 52: 0
53 - 59: 1
60 and above: 1

################
#NETWORK COUNTS#
################

WiFi: 26
Cable network: 21
Cellular network: 2
Other: 0

###########
#REASONING#
###########

A2ZIATVCA2NKPF: none
A17FDM5CXENC1O: If the subject of the video was being covered within the 4 second clip in a stimulating manner for the viewer.
A12OZ7P7Z41SJI: How much action was taking place
A3JLE2LJ5I17E2: None
A1CVZXGEN0NQUU: none
A31X0GSY38JNZY: How much action was occurring with the cars
AWN1PEZWRQSQ9: the one that had no cars was super boring.
AV7UX8QQXABSK: None
A30N5H4N4C22N8: None
AU5BD5NSSES9H: The clearance of video
A2Z5SIJA9ZAQTT: NONE
A2IVGLOBFOT67M: If there was action going on in the video or essential parts. There was one in particular that no cars were moving across the screen at all, so that wasn't important to me.
ADOA6CWS9LA9: very well
AVPW7AXI9AFSM: how often cars were on screen
A39GADIK8RLMVC: if I was interested in it
A37O5SYY9VWSPY: none
A397UZ7NAKTL0P: na
A2SUI34XTL655J: none
A14WLAP6TCEKO0: I used my own feelings of excitement at different points in the video. Points in the videos that made me excited I rated as more important.
A29154I6TB66CI: yes
A2X512GKQO46PV: How much action was actually going on in the clip
A264ZZ6XZVJMGF: duration 
A1ZWDUFNFILYJJ: none
AIWSB4YTN32GF: nine
AV5FCKI1TTSKR: If it entered the center area of the video were the videographer thought was most important (drifting).
A1OCEC1TBE3CWA: i check the quality of the video
A10AY39RH8ZB7I: none
A2VKACLXTMOQWO: none
A1PV0Y78FMUYCK: so good
A1QWX16ZJ9P6UH: imagine the full video 
AQ8J14431IR7Z: NONE
A8HAUURVOXOWY: Nice drafting
A3J08ETUZNPUF3: none
A2GTJ0BD4CG1A2: How much action was happening in the clip.
A1VPSWYSCJYPEB: none
A3K27VN3NJEV60: good
A3EDQ6S24E26Y2: better driving
A2ZHBK2MDL2L51: None
ARN9ET3E608LJ: none
A29GLTXKFWGH1Z: none
AELXPZZIRBIMK: None
A2I32IC7XYA3OV: None
A2JZTBEU8B8MXW: None
A3RYOLCW06NHC9: The action of the cars.
A16FDBU2KE6H7F: None
A1Q27X84KILQHI: based on information i recievd before beginning the survey
A1RQ3JL9Z4PWZ2: None
A29RLHD00R7JWF: speed
A3NNWJI1G86RJ2: none
