LOG OF original_videos_Sports_360P_Sports_360P-32d3 SURVEY RESULTS

########
#GRADES#
########

RAW GRADES:
[5 5 5 5 4 5 5 5 5 5 5 5 5 5 5 5 5 5 5 5 5 4 5 5 5 4 5 5 5 5 5 5 4 4 5 4 4
 5 5 5 5 5 5 5 5 5 5]
[4 4 2 4 2 5 2 4 5 4 5 3 4 5 2 4 3 4 4 3 4 4 3 4 5 2 4 5 2 4 2 3 2 2 4 3 1
 5 1 5 4 5 2 2 5 5 5]
[3 5 2 2 1 5 4 4 4 4 4 4 4 5 2 3 4 4 4 4 3 4 3 3 4 3 3 5 3 5 3 3 2 1 3 3 1
 5 1 5 4 5 2 3 5 5 5]
[4 3 2 5 5 5 5 4 5 4 3 4 3 5 4 4 3 5 5 4 3 4 2 3 5 4 4 4 3 4 3 3 4 5 4 4 4
 5 3 5 5 5 2 5 5 5 5]
[4 5 2 2 3 5 4 4 5 3 5 4 4 5 4 3 5 5 4 3 4 3 4 4 4 2 3 5 2 4 3 3 2 2 4 4 1
 5 1 5 2 5 2 4 5 5 4]
[3 5 2 2 3 5 4 4 5 3 5 4 3 5 3 4 3 5 4 2 4 4 4 4 5 3 3 5 3 5 3 3 3 2 4 4 1
 5 1 5 2 5 2 2 5 5 5]
MEAN:
[4.851 3.532 3.489 4.043 3.638 3.638]
STANDARD ERROR:
[0.052 0.178 0.175 0.134 0.171 0.174]

STANDARDIZED GRADES:
[1.698 0.655 2.236 1.213 0.775 0.    1.    2.236 0.447 1.698 0.655 1.732
 1.698 0.    1.508 1.698 1.3   0.707 1.414 1.567 1.698 0.447 1.567 1.698
 0.707 1.225 1.789 0.447 2.    1.    2.043 2.236 1.3   0.97  1.732 0.707
 1.414 0.    1.964 0.    1.069 0.    2.236 1.192 0.    0.    0.447]
[ 0.243 -0.655 -0.447  0.485 -0.775  0.    -2.    -0.447  0.447  0.243
  0.655 -1.732  0.243  0.    -1.206  0.243 -0.928 -1.414 -0.707 -0.522
  0.243  0.447 -0.522  0.243  0.707 -1.225  0.447  0.447 -1.    -1.
 -1.3   -0.447 -0.928 -0.485  0.    -1.414 -0.707  0.    -0.655  0.
  0.267  0.    -0.447 -1.192  0.     0.     0.447]
[-1.213  0.655 -0.447 -0.97  -1.549  0.     0.    -0.447 -2.236  0.243
 -0.655  0.     0.243  0.    -1.206 -1.213  0.186 -1.414 -0.707  0.522
 -1.213  0.447 -0.522 -1.213 -1.414  0.    -0.894  0.447  0.     1.
 -0.186 -0.447 -0.928 -1.213 -1.732 -1.414 -0.707  0.    -0.655  0.
  0.267  0.    -0.447 -0.397  0.     0.     0.447]
[ 0.243 -1.964 -0.447  1.213  1.549  0.     1.    -0.447  0.447  0.243
 -1.964  0.    -1.213  0.     0.603  0.243 -0.928  0.707  1.414  0.522
 -1.213  0.447 -1.567 -1.213  0.707  1.225  0.447 -2.236  0.    -1.
 -0.186 -0.447  1.3    1.698  0.     0.707  1.414  0.     0.655  0.
  1.069  0.    -0.447  1.192  0.     0.     0.447]
[ 0.243  0.655 -0.447 -0.97   0.     0.     0.    -0.447  0.447 -1.213
  0.655  0.     0.243  0.     0.603 -1.213  1.3    0.707 -0.707 -0.522
  0.243 -2.236  0.522  0.243 -1.414 -1.225 -0.894  0.447 -1.    -1.
 -0.186 -0.447 -0.928 -0.485  0.     0.707 -0.707  0.    -0.655  0.
 -1.336  0.    -0.447  0.397  0.     0.    -2.236]
[-1.213  0.655 -0.447 -0.97   0.     0.     0.    -0.447  0.447 -1.213
  0.655  0.    -1.213  0.    -0.302  0.243 -0.928  0.707 -0.707 -1.567
  0.243  0.447  0.522  0.243  0.707  0.    -0.894  0.447  0.     1.
 -0.186 -0.447  0.186 -0.485  0.     0.707 -0.707  0.    -0.655  0.
 -1.336  0.    -0.447 -1.192  0.     0.     0.447]
MEAN:
[ 1.152 -0.348 -0.446  0.09  -0.283 -0.164]
STANDARD ERROR:
[0.102 0.099 0.104 0.139 0.11  0.092]

#############
#VIDEO ORDER#
#############

RAW ORDERS:
[1 2 3 4 5 6]
[1 2 3 4 5 6]
[1 2 3 4 5 6]
[1 2 3 4 5 6]
[1 2 3 4 5 6]
[1 2 3 4 5 6]
[1 2 3 4 5 6]
[1 2 3 4 5 6]
[1 2 3 4 5 6]
[1 2 3 4 5 6]
[1 2 3 4 5 6]
[1 2 3 4 5 6]
[1 2 3 4 5 6]
[1 2 3 4 5 6]
[1 2 3 4 5 6]
[1 2 3 4 5 6]
[1 2 3 4 5 6]
[1 2 3 4 5 6]
[1 2 3 4 5 6]
[1 2 3 4 5 6]
[1 2 3 4 5 6]
[1 2 3 4 5 6]
[1 2 3 4 5 6]
[1 2 3 4 5 6]
[1 2 3 4 5 6]
[1 2 3 4 5 6]
[1 2 3 4 5 6]
[1 2 3 4 5 6]
[1 2 3 4 5 6]
[1 2 3 4 5 6]
[1 2 3 4 5 6]
[1 2 3 4 5 6]
[1 2 3 4 5 6]
[1 2 3 4 5 6]
[1 2 3 4 5 6]
[1 2 3 4 5 6]
[1 2 3 4 5 6]
[1 2 3 4 5 6]
[1 2 3 4 5 6]
[1 2 3 4 5 6]
[1 2 3 4 5 6]
[1 2 3 4 5 6]
[1 2 3 4 5 6]
[1 2 3 4 5 6]
[1 2 3 4 5 6]
[1 2 3 4 5 6]
[1 2 3 4 5 6]

#################
#VIDEO VIEW TIME#
#################

RAW TIMES:
[ 28274  28655  24177  24089  19054  84011  23371  34823  26476  46120
  29697  69056  24696 141482  32917  36138  47190  12272  46248  25415
 313830  33251  21067  25592  84887  42205  73272  51926  49083  39853
  33889  28691  23923  29904  29531  29952  31158  34383  31594  31635
  33362  10730  33568  27912  31734  54827  32826]
[21430  8749  6678  5927  8148 24552  9479 13426 10290 13136 14532 44180
  9096 12942 11113 10090 47585 12044  9032  7201 18543 26799 12261  8838
 42532  9585  8373 11986 13809  9647 40158 21037  7343 13376 25110 17631
  8730 14155  8376 20143 11828 17838 14155  9468 22100 33322  9885]
[23118  8624  9403  7258  5386 25757  7448 19031 10008 13228 10600 22811
  7914 12436 12149 11842 28973  6821  9511  9003 14766 20840 10659  9581
 30979 12174  8783 12138 18334  9153 19786 11078  6443 12928 19957 18226
  7599 13097  8878 10073  9385  7031 14092  8047 10520 11849 13929]
[ 9378 13098  6841  8006  7390 88538  6834 16374 11570 15423 11572 23129
  8492 10319 10926 15237 31710  8051  8537  7835 11154  9717  7711 17620
 18590 10093  8553 15800 16601 10930 22492 11518  6528  9224 36669 12650
  7236 12972  8457 10436  7293  6514  7390  7847 16735 17978 14570]
[ 8342  7434  6442  8931  7889 38034  7415 17858  8150 14860 20818 18409
  8035 10468 14200 11814 51183  8666  8855 18274  8811 11774 11678  8481
 15768  9150  8353 12616 16021 10094 15259 13265  6645 10439 27545 18408
  6639 10071  8061 22835  7156 13819 13170  8949  9606 12553 12824]
[10174 12953  6389  4889  8404 19833  7504 37170 16209 12852 18840 14534
  8739 11672 13630  9258 54349  8679  8994 10222 10773  8455  6415  9165
 15148  8954  8222 11946 31270  9768 16178 13558  6329  7945 10476 15965
  6731 10903  7791 11418  7493 10187  5509  8506  7799 11780  8917]
MEAN:
[44015.872 16099.106 13013.745 14096.553 13320.574 12402.021]

#################
#GRADE VIEW TIME#
#################

RAW TIMES:
[ 8327  4032  9562 16969 13552 23815  9299  3265 21891 17575 16360 64914
  3578 60917 26539  6260  6415 12441 11967 27589  3959 16840 11071  5709
 18332  3845  7183 11988 10953  5730  7837  7305 26591  9051  4016  8894
 17739 25380 55182  7136 32697  6575 27136 40514  8367 26012 19904]
[ 4995  3256  1918 17324  1691  7914  8627  3913 12943 24663 19915 12052
  4164 10572 13874  8858  8940  8779 13316 11035  8598 20661  6416  3840
  7424 15696  3295  5640 35672 42107  6139  4754  2581  3535  2848  3811
  2351 18625 11513 16870  5552  4013  4937 11305  5176 19955  7245]
[ 2950 14440  5129  4081  2250  8355  6383  3763 18509  5216  8648  7109
  4656  8090  5046  4380  6757  4236  5517  4847  3516  5872  6025  9120
  9107  3525  3670  6341  5571  3480  3986  3393  1695  4959  5842 10818
  6704 17734  7371 12743  3110  4005  3791 10489  4359  7354 11644]
[ 3358  3334  6876  3483  2462  7109  6373  2912  9710 12478  4103  4601
  4549  5938  4231  5049  5819  4104  4608  2464  3540  3196  8236  3960
  4292 15758  3200 24630  5031  4541  5300  2824  2274  3139  5271  4791
  2091 12138  7668  7302  2862  8342 10197  6009  3255  8620  9982]
[ 3452  2552  2339  2212  3342  6036  2396  3013  3525  3948  3969  5170
  4708  5249  5394  4810  6727  8170  4207  2582  4995  3851  9135  3019
  3868  4416  3165  4863  5472  5820  4490  3385  1456  3217  4160  3618
  1581 13602  3248  8422  3536  4390 11291  7300 11077  7640 13190]
[ 8061  3143  6794  2309  1847  6616  2672  3503  6684  4446  2914  5600
  3922 17574  3114  6160  8915  3987  6226  2116  4210  3956 14965  4100
  3706  3368  3300  6646  5374  8522 12182  7354  1514  3755  3611  7490
  2246 58888  2926  6614  3980  5710 12522  3256  3646 11759 21584]
MEAN:
[16834.319 10198.043  6523.106  6000.213  5064.     7101.851]

###############
#DEVICE COUNTS#
###############

Desktop: 22
Laptop: 22
Tablet: 0
Smart phone: 1
Other device: 0

##################
#AGE GROUP COUNTS#
##################

18 - 24: 5
25 - 31: 23
32 - 38: 13
39 - 45: 3
46 - 52: 2
53 - 59: 1
60 and above: 0

################
#NETWORK COUNTS#
################

WiFi: 23
Cable network: 19
Cellular network: 3
Other: 0

###########
#REASONING#
###########

A3K6LZAQZOAPB2: none
AMQGOTPBRWYSF: None
A89HSG51VTPP0: whether i was intersted in it or not
AGWWUXDX6CI38: If it affected the score or seemed important
A37JC45Y9GLSA7: I mainly decided on the fact if it was relevant or not some of the clips didn't really have anything important that was need to be watch 
ATWH33XQ93WMF: None
A3D2GO0IFRFN6R: Prior to a person making a dunk and the ball going to the other team are what I would consider important.
A86CAG3LG83GG: i saw the quality of the video
A3K2VLYC2UX2DN: none
A2W3Q8OCO18HEN: If there was a specific action going on, in this instance, the free throw which results in a score. 
A367RPWM0FPY5K: None
AQ95Z9O4NLMG0: None
A1ZZCIE79O3048: None
A1EIMXVUOG49SJ: None
A16FVMBSNMXG9F: I believe that the basket part is the most important because it decides the game, so it is more important than the player's preparation, or whoever catches the ball afterwards.
A1ORUO2MGV9AT6: none
A111ZFNLXK1TCO: None
A36VE0W154IHO7: NONE
A1OX5KXDZAVQPJ: none
ANJJYKB47APL5: when they scored a point
A3GGA7I8AFZ8KZ: None
AYMJAMX7Z7YHG: none
A1OJFN3L7YW143: None
A2GRJVN7B5YR96: NONE
A3EDQ6S24E26Y2: gOOD
AFASY2VX8PADR: None
A2U0JT7TSIIXPS: None
A1K1YOUOJ2P57H: NONE
A1DIXDR0Y7KXMT: Video time & focus
ATBBPV37O4K6N: None
A6PO7JT39QQGP: Video time & focus
A3TPW4JUUJDUFI: None
A30MP4LXV4MIFD: How impactful it was, or how easy it was to logically follow.
A3CH1Z6J9R38G9: The clip with the actual free throw was the important one. The rest.... eh....
A3J08ETUZNPUF3: none
AJ2IR00DZSE2V: None
A2SO6K35NMGBB7: I based it on if the most meaningful part of the video was shown or not.
A3NUSK53RHPJAA: NONE
AVD6HMIO1HLFI: Not sure how to answer this, or any of the other questions for that matter.  Very vague instructions.
ALCSNULDVTDFF: playing video clips very well
A38ZV8LBZ034IZ: I looked at what was happening, a shot about to be performed or a goal and decided this was more important than the aftermath
ATXUM0GBU5MC8: None
AJ8ORVSVTALUD: ALL VIDEOS ARE IMPORTANT FOR ME 
A3095ABT1L25QK: I was looking to see if the clip contained important information about the game.
A2AGQGMZVSZVUJ: It had an important event in it.
AX1TWZNM2XLYO: None
A2519LCLPN7Y6I  :  none
