LOG OF original_videos_Sports_720P_Sports_720P-3072 SURVEY RESULTS

########
#GRADES#
########

RAW GRADES:
[5 5 3 5 5 5 5 5 4 5 5 4 5 5 4 4 5 5 5 5 5 4 5 5 5 5 5 5 4 5 4 5 5 4 5 5 4
 5 5 5 5 5 5 5 5 5 5]
[4 2 4 2 1 4 4 1 3 3 4 1 2 2 3 5 4 5 2 4 4 4 4 3 4 3 2 3 5 3 5 4 4 5 4 2 2
 2 2 3 5 4 4 3 3 2 2]
[4 4 4 3 1 3 4 1 5 3 4 4 4 3 4 5 5 4 4 4 5 5 3 4 5 3 4 4 5 3 4 4 4 5 4 3 5
 3 2 3 5 5 4 3 4 5 4]
[4 3 3 3 1 4 4 2 3 3 2 1 2 4 3 5 4 5 3 3 4 2 4 4 5 4 3 4 4 3 3 4 2 1 3 3 4
 2 3 4 4 1 5 4 3 1 2]
[2 1 2 1 1 4 1 3 2 4 1 2 1 2 3 4 2 5 1 2 1 3 5 2 4 3 1 1 4 4 2 1 3 3 1 2 3
 3 3 4 2 3 5 4 3 1 2]
[2 3 3 1 1 4 3 4 3 4 3 1 1 3 4 5 2 5 4 3 2 4 4 2 5 4 2 4 5 4 3 2 4 1 2 4 1
 3 4 3 2 5 5 4 3 3 2]
[2 2 3 1 1 4 3 4 3 4 4 1 1 3 3 5 2 5 3 3 2 4 4 4 5 4 2 3 4 4 2 2 4 3 2 4 3
 3 2 4 1 5 5 4 3 2 4]
MEAN:
[4.766 3.213 3.851 3.149 2.489 3.106 3.106]
STANDARD ERROR:
[0.069 0.167 0.141 0.162 0.18  0.179 0.171]

STANDARDIZED GRADES:
[ 1.477  1.721 -0.224  1.96   2.449  1.871  1.334  1.471  0.811  1.837
  1.342  1.528  1.828  1.876  1.155 -1.581  1.215  0.408  1.491  1.739
  1.155  0.324  1.342  1.497  0.632  1.837  1.789  1.334 -0.866  1.837
  0.693  1.37   1.46   0.552  1.528  1.664  0.688  2.16   1.871  1.837
  0.988  0.707  0.632  1.789  2.157  1.449  1.673]
[ 0.615 -0.688  1.342 -0.206 -0.408  0.     0.485 -1.275 -0.324 -1.021
  0.559 -0.764 -0.192 -1.155 -0.866  0.632  0.442  0.408 -0.918  0.632
  0.481  0.324 -0.224 -0.408 -1.581 -1.021 -0.559 -0.364  1.155 -1.021
  1.664  0.632  0.324  1.197  0.764 -1.248 -0.918 -1.08  -0.935 -1.021
  0.988  0.    -1.581 -1.342 -0.588 -0.453 -0.837]
[ 0.615  0.918  1.342  0.516 -0.408 -1.871  0.485 -1.275  1.947 -1.021
  0.559  1.528  1.155 -0.144  1.155  0.632  1.215 -2.449  0.688  0.632
  1.155  1.46  -1.789  0.544  0.632 -1.021  1.006  0.485  1.155 -1.021
  0.693  0.632  0.324  1.197  0.764 -0.277  1.491  0.    -0.935 -1.021
  0.988  0.707 -1.581 -1.342  0.784  1.449  0.837]
[ 0.615  0.115 -0.224  0.516 -0.408  0.     0.485 -0.588 -0.324 -1.021
 -1.006 -0.764 -0.192  0.866 -0.866  0.632  0.442  0.408 -0.115 -0.474
  0.481 -1.947 -0.224  0.544  0.632  0.408  0.224  0.485 -0.866 -1.021
 -0.277  0.632 -1.947 -1.381  0.    -0.277  0.688 -1.08   0.     0.408
  0.359 -2.121  0.632  0.224 -0.588 -1.086 -0.837]
[-1.108 -1.491 -1.789 -0.928 -0.408  0.    -2.062  0.098 -1.46   0.408
 -1.789  0.    -0.866 -1.155 -0.866 -1.581 -1.104  0.408 -1.721 -1.581
 -1.54  -0.811  1.342 -1.361 -1.581 -1.021 -1.342 -2.062 -0.866  0.408
 -1.248 -1.581 -0.811 -0.092 -1.528 -1.248 -0.115  0.     0.     0.408
 -0.898 -0.707  0.632  0.224 -0.588 -1.086 -0.837]
[-1.108  0.115 -0.224 -0.928 -0.408  0.    -0.364  0.784 -0.324  0.408
 -0.224 -0.764 -0.866 -0.144  1.155  0.632 -1.104  0.408  0.688 -0.474
 -0.866  0.324 -0.224 -1.361  0.632  0.408 -0.559  0.485  1.155  0.408
 -0.277 -0.843  0.324 -1.381 -0.764  0.693 -1.721  0.     0.935 -1.021
 -0.898  0.707  0.632  0.224 -0.588  0.181 -0.837]
[-1.108 -0.688 -0.224 -0.928 -0.408  0.    -0.364  0.784 -0.324  0.408
  0.559 -0.764 -0.866 -0.144 -0.866  0.632 -1.104  0.408 -0.115 -0.474
 -0.866  0.324 -0.224  0.544  0.632  0.408 -0.559 -0.364 -0.866  0.408
 -1.248 -0.843  0.324 -0.092 -0.764  0.693 -0.115  0.    -0.935  0.408
 -1.527  0.707  0.632  0.224 -0.588 -0.453  0.837]
MEAN:
[ 1.273 -0.22   0.288 -0.209 -0.794 -0.148 -0.189]
STANDARD ERROR:
[0.111 0.122 0.154 0.111 0.116 0.105 0.092]

#############
#VIDEO ORDER#
#############

RAW ORDERS:
[1 2 3 4 5 6 7]
[1 2 3 4 5 6 7]
[1 2 3 4 5 6 7]
[1 2 3 4 5 6 7]
[1 2 3 4 5 6 7]
[1 2 3 4 5 6 7]
[1 2 3 4 5 6 7]
[1 2 3 4 5 6 7]
[1 2 3 4 5 6 7]
[1 2 3 4 5 6 7]
[1 2 3 4 5 6 7]
[1 2 3 4 5 6 7]
[1 2 3 4 5 6 7]
[1 2 3 4 5 6 7]
[1 2 3 4 5 6 7]
[1 2 3 4 5 6 7]
[1 2 3 4 5 6 7]
[1 2 3 4 5 6 7]
[1 2 3 4 5 6 7]
[1 2 3 4 5 6 7]
[1 2 3 4 5 6 7]
[1 2 3 4 5 6 7]
[1 2 3 4 5 6 7]
[1 2 3 4 5 6 7]
[1 2 3 4 5 6 7]
[1 2 3 4 5 6 7]
[1 2 3 4 5 6 7]
[1 2 3 4 5 6 7]
[1 2 3 4 5 6 7]
[1 2 3 4 5 6 7]
[1 2 3 4 5 6 7]
[1 2 3 4 5 6 7]
[1 2 3 4 5 6 7]
[1 2 3 4 5 6 7]
[1 2 3 4 5 6 7]
[1 2 3 4 5 6 7]
[1 2 3 4 5 6 7]
[1 2 3 4 5 6 7]
[1 2 3 4 5 6 7]
[1 2 3 4 5 6 7]
[1 2 3 4 5 6 7]
[1 2 3 4 5 6 7]
[1 2 3 4 5 6 7]
[1 2 3 4 5 6 7]
[1 2 3 4 5 6 7]
[1 2 3 4 5 6 7]
[1 2 3 4 5 6 7]

#################
#VIDEO VIEW TIME#
#################

RAW TIMES:
[ 24222  23940  25826  28916  22321  31487 101760  22806  26891  31501
  23560  19172  26969  38863  57236  46218  27606  45439 101088  31558
  69276  82003  67819  22436  32060  33488  23809   4966  30417  35084
  39752  27501  45981  54122  27159  31186  33151  26996  35423  78213
  27262  28730  23574  33903  66724  35510  18351]
[ 6962  7415  7392  9431  5658 10762  6913  6491  9400 13228  6742 39800
 13631 14492 42275 25231  9702 11556 22975 23298 26330 62256 25649  5282
 10338 17978 12937  4665 12327 10614  6125  6792 30388  8493  9430  9257
 13857  7458 17780 16133  8984  7519 16893 10129 11657  8744  6090]
[ 5988  5298  7042 11014  6191 17943  6227  6248  6192 15390  5959 17628
  9408 10551 14085 22907  9841 12779 21508 27134 11184 55181 18476  7492
 13665 15422  6422  5072 12122 10782 11431 25098 12408 14559  8267  8040
 11668  8324 31238 16989  9461  8249  9595 11428 11254  3904  5685]
[ 6632  5788  7857 14355  5795 16762  6707  5901  7355 16670  5941  3573
  8037 14431 13049 22859 10549 10043 21621 22881 22639 62023 23467  7334
 11772 15075  5186  5884 10118 12529 26400 18604 17752  3753  8783  8994
  8160  8056 10964 10834  7888  7573 17742 11355  9538 11666  5369]
[ 5839  5775  6563  9030  5686 10134  6363  1647  6542 15862  5370 23468
  6989 16352 16261 19371  9145 12315 35536 12561 17037 53158 24989  6758
 10722 16116  5770  5580 14763 13399  6092  8259 11862  7794  7350  7667
  7640  7396 11391 12456  7737 17555 27560 12075 10161  8959  6669]
[ 6900  5878  6283 10130  4902 13409  7703  2010  6029 10990  2050 11162
  7427 16746 20551 20916 11614 14838 30959 17631 13448 80407 20880  8939
  9290 11894  5976  5932 15039 11473 11453  6964 11028  7525  8370  7414
  8132  9013  8084 14131  7407  7137 23756 11604 10847  7765  7771]
[ 6635  5771  6609  8148  4394 10535  5643  5914  6687 15252  5232  8948
  7308 15379 20284 17310  9530 13050 26451 11409 18305 70141 18949  5222
 10546 12189  5869  5592  9403 11776  6873  6256  6266  7738  7663  7448
  7654  7525  8025 19540  8255  8077 17739 13009 19633  7425  6498]
MEAN:
[38133.511 14414.021 12824.447 12686.468 12292.    12336.319 11576.702]

#################
#GRADE VIEW TIME#
#################

RAW TIMES:
[13618 17293  5344  8637 11084  3011 20289 17022 31288 13923  4355 10120
 26853 41465  5148  7714 12844  9296 31120 34913 18034 12968 27880  9239
  6652 11457  2704  3822 16485 24627  7891 26829  6242 13191 14426 16199
 25324  4395 20325 13638 14650  4576  9637  5656 12533 17713  9743]
[12257  6374  3482  9547  4228  4615 11668  4827 14820  5815  2002 13478
 14638 20210  4329  5667 10769  9662 40424 27035  9475  7601 14318 11673
  8973  8147 15616  3551 29357 17626  2641  5374  8640 11228 12907  8500
  2592  8106 10358 10758 13835  3174  2676  8272  4909 25214 21387]
[ 2053  1757  1785  3277  6582  5227  1956  3874  2757  7617  1632  5365
  7590 15859  5258  7923  7169  6607  6731  8630  3925  6605 17215  4019
  6481  6565  4524  7298 14559 13150  2437  3848  4800  3213  9115  6886
  2324  3963  9336  6021  2778  3236  3993  7517  5607 18437  1865]
[ 1708  1520  3396  2531  3521  4733  1829  7440  3929  7338  1689  7339
  7641  8716  3871  8634  6954  8170  7246  5414  4945  5382  6565  2858
  6723  7759  2320  2576  5062  6360  2154  2665  5935 76160  2600  6748
  2034  3292 23508 13846  3864  2945  5749  3760  3707  5041  2390]
[ 3932  1672  2764  2453  2337  3384  1980  3009  3295  5904  1657  7397
  4582  5854  4933  4244  7557  7443  5364  5745  9379  4894  6091  2045
  6383  5217  2790  2256  4209  5043  1900  2988  5670 12207  2180  2989
  2295  6870  5537  8426  4257  2898  2462  6141  4632  3659  1277]
[ 3216  1709  2778  2536  2459  3215  1633  2634  3527  4470  3240  4703
  3537  6211  4015 12714  7694 14912  5095  5071  5015  6173 13771  2320
  4756  5659  2723  2038  4571  5595  2255  2061  5411  2272  2023  2780
  2109  3354  3694  5949  3817  5317  2439  4152 11838  2657  1581]
[ 2406  1700  2600  2400  2446  4141  1685  3196  2476  5069  1872  5986
  3451  7394  6472  6346  9779 12460  3594  5257 34864  5363  5279  1846
  5371  5066  5116  2864  6543  6384  3571  2532  5014  2206  4140  4437
  2324  4374  5105  5732  5373  5905  2628  7743  5758  3093  5206]
MEAN:
[14514.319 10909.681  6156.723  6820.574  4472.362  4504.234  5203.553]

###############
#DEVICE COUNTS#
###############

Desktop: 25
Laptop: 16
Tablet: 1
Smart phone: 4
Other device: 1

##################
#AGE GROUP COUNTS#
##################

18 - 24: 3
25 - 31: 24
32 - 38: 11
39 - 45: 7
46 - 52: 0
53 - 59: 2
60 and above: 0

################
#NETWORK COUNTS#
################

WiFi: 21
Cable network: 25
Cellular network: 1
Other: 0

###########
#REASONING#
###########

A26NGLGGFTATVN: If the clip had action relevant to the main subject.
AEF74ZYJTTEIA: The amount of action and focus on the two wrestlers
A3RYOLCW06NHC9: the action of the fight
AURYD2FH3FUOQ: if it was a major wrestling move or not, or a pivotal step in the match
A23BWWRR7J5XLS: it was all random clips without any important happening in any single video
AYMJAMX7Z7YHG: none
A2B227N1NQYS56: Whether some actual fighting action was happening or not.
A3AGQ2G8QI59EG: All of it together was the whole video so it gradually went up in satisfaction because the end is the best
A1F669OTXWIJW0: If something significant happened during the match that determines the winner.
A3TPW4JUUJDUFI: None
A30MP4LXV4MIFD: How impactful it was, or how easy it was to logically follow.
A2KYOM2ZGYDJGT: If anything important occurred like when the one wrestler overpowers the other by flipping him. One clip was such; the others had basically had nothing going on.
A2CHDWKAYZ3P3E: If a wrestler got taken down I considered it as important.
A3GITKS8VABUNB: THE MOST IMPORTANT PART,THAT TELLS THE MOST IMPORTANT STORY.
A1P5B87TFWV024: The video clip is showing the importance steps.
A2JPZQRV4R14O9: Wrestling
A3U21PUMQ6NGT2: If the camera panned away from the main action the clip was less important to me
A1ZWDUFNFILYJJ: none
A1AX618BOQLX79: When action was taking place
A3MJCHFORYK0US: relevant actions
A10MEXRNAC2LV2: I was deciding importance based on how much action was happening in the match and whether anything was happening that would cause one of the wrestlers to score a point. When the camera wasn't even looking at the wrestlers, that definitely didn't seem important at all.
A1IRT5KE42KIIF: none
A23STEOBAZFFBH: None
A2I6ZALE49CVSC: If any action was gonna happen.
A8WWSKUYQ4X5N: None
AELXPZZIRBIMK: The video has more skill so it is important.
A1522U5W2U1DMN: Whether there was action/movement in the wrestling fight.
A3D9DWZK2IS3RE: What is going on in the match and how significant it is.
A37YC7R1H04X9P: NONE
A2ZWWHY6ZEXC6L: NONE
A6ZAKE3FP8YKY: IF something relevant to the outcome of the match was ocurring 
A2NMLTECRDWFN2: i chose the clip of importance when i thought there was enough action that may need to be reviewed for later. some of clips i did not deemed important as they did not depict any strong or important moved by the boys. 
A13FVM2C914A3H: None
A37EV8RZ82WT8E: I judged it based on whether it made me want to see what happens next.
A16LZUEQ6JGHWA: The focus and what was happening in the video. Action and movement vs just standing around. Last one the ref was in the way.
A3OB6REG5CGHK1: None
A1NON8I6W66EII: If the video clip left questions as to what was in the full video
A3NBJ2WSWYJPWY: None
A7GUBXCBHLX: None
A3SR8BML7Y9SOR: None
AVD6HMIO1HLFI: I judged the clips based on how much context they gave to the fight, such as which ones showed which wrestler had the advantage, how the fight was going, etc.
A2Z0V8O3Q8R4CY: None
A1QOMPJQC9M6UO: None
A2BTDO9T6KSE06: NONE
A2Q1HFLM62BRMB: None
AIFRN9GF0Q1ZI: If it would be exciting for the user to watch or not. The rest of the clips were boring with not much action in it
ASAAL9165IX44: Whether something interesting happened
