LOG OF original_videos_Gaming_1080P_Gaming_1080P-57ca SURVEY RESULTS

########
#GRADES#
########

RAW GRADES:
[5 5 5 4 5 4 5 4 3 5 5 5 5 4 5 5 5 5 5 3 5 5 4 5 5 5 5 5 5 5 5 4 5 5 5 5 5
 5 5 5 5 5 5]
[2 2 3 4 2 5 5 2 2 5 5 4 2 4 1 4 5 3 4 4 5 4 4 5 1 3 5 4 5 4 2 5 5 5 4 5 4
 4 5 5 2 5 5]
[4 1 1 2 1 4 5 2 3 4 2 2 4 1 4 5 2 4 3 4 5 2 4 5 1 4 1 5 5 2 4 5 3 5 4 5 5
 4 5 3 4 3 5]
[3 4 1 2 1 5 5 2 2 4 2 2 4 1 1 3 1 2 4 5 1 2 3 5 2 4 4 4 2 3 4 4 2 5 3 5 2
 4 5 2 2 2 5]
[3 4 1 3 1 4 5 3 4 5 4 4 4 1 5 4 1 3 4 3 1 3 4 5 3 4 3 4 2 4 5 5 4 5 3 4 3
 4 5 1 2 4 5]
[4 3 3 3 5 4 5 2 3 4 4 4 2 4 5 5 4 4 5 5 1 4 5 5 4 5 4 5 5 4 5 5 5 5 4 5 4
 4 5 4 4 5 5]
MEAN:
[4.767 3.814 3.419 3.    3.465 4.186]
STANDARD ERROR:
[0.079 0.192 0.214 0.208 0.193 0.144]

STANDARDIZED GRADES:
[ 1.567  1.364  1.789  1.225  1.387 -0.707  0.     1.964  0.243  1.
  1.069  1.342  1.342  1.     0.832  0.894  1.155  1.567  1.213 -1.225
  1.     1.508  0.     0.     1.565  1.213  0.97   1.     0.707  1.414
  0.781 -1.414  0.866  0.     1.698  0.447  1.093  2.236  0.     1.118
  1.511  0.866  0.   ]
[-1.567 -0.868  0.447  1.225 -0.277  1.414  0.    -0.655 -1.213  1.
  1.069  0.447 -1.342  1.    -1.387 -0.447  1.155 -0.522 -0.243  0.
  1.     0.603  0.     0.    -1.118 -1.698  0.97  -1.     0.707  0.354
 -2.03   0.707  0.866  0.     0.243  0.447  0.156 -0.447  0.     1.118
 -0.962  0.866  0.   ]
[ 0.522 -1.612 -0.894 -1.225 -0.832 -0.707  0.    -0.655  0.243 -1.
 -1.336 -1.342  0.447 -1.     0.277  0.894 -0.577  0.522 -1.698  0.
  1.    -1.206  0.     0.    -1.118 -0.243 -1.94   1.     0.707 -1.768
 -0.156  0.707 -0.866  0.     0.243  0.447  1.093 -0.447  0.    -0.224
  0.687 -0.866  0.   ]
[-0.522  0.62  -0.894 -1.225 -0.832  1.414  0.    -0.655 -1.213 -1.
 -1.336 -1.342  0.447 -1.    -1.387 -1.789 -1.155 -1.567 -0.243  1.225
 -1.    -1.206 -1.732  0.    -0.447 -0.243  0.243 -1.    -1.414 -0.707
 -0.156 -1.414 -1.732  0.    -1.213  0.447 -1.718 -0.447  0.    -0.894
 -0.962 -1.732  0.   ]
[-0.522  0.62  -0.894  0.    -0.832 -0.707  0.     0.655  1.698  1.
  0.267  0.447  0.447 -1.     0.832 -0.447 -1.155 -0.522 -0.243 -1.225
 -1.    -0.302  0.     0.     0.224 -0.243 -0.485 -1.    -1.414  0.354
  0.781  0.707  0.     0.    -1.213 -2.236 -0.781 -0.447  0.    -1.565
 -0.962  0.     0.   ]
[ 0.522 -0.124  0.447  0.     1.387 -0.707  0.    -0.655  0.243 -1.
  0.267  0.447 -1.342  1.     0.832  0.894  0.577  0.522  1.213  1.225
 -1.     0.603  1.732  0.     0.894  1.213  0.243  1.     0.707  0.354
  0.781  0.707  0.866  0.     0.243  0.447  0.156 -0.447  0.     0.447
  0.687  0.866  0.   ]
MEAN:
[ 8.744e-01  4.487e-04 -3.005e-01 -6.925e-01 -2.596e-01  3.778e-01]
STANDARD ERROR:
[0.119 0.137 0.126 0.121 0.118 0.1  ]

#############
#VIDEO ORDER#
#############

RAW ORDERS:
[1 2 3 4 5 6]
[1 2 3 4 5 6]
[1 2 3 4 5 6]
[1 2 3 4 5 6]
[1 2 3 4 5 6]
[1 2 3 4 5 6]
[1 2 3 4 5 6]
[1 2 3 4 5 6]
[1 2 3 4 5 6]
[1 2 3 4 5 6]
[1 2 3 4 5 6]
[1 2 3 4 5 6]
[1 2 3 4 5 6]
[1 2 3 4 5 6]
[1 2 3 4 5 6]
[1 2 3 4 5 6]
[1 2 3 4 5 6]
[1 2 3 4 5 6]
[1 2 3 4 5 6]
[1 2 3 4 5 6]
[1 2 3 4 5 6]
[1 2 3 4 5 6]
[1 2 3 4 5 6]
[1 2 3 4 5 6]
[1 2 3 4 5 6]
[1 2 3 4 5 6]
[1 2 3 4 5 6]
[1 2 3 4 5 6]
[1 2 3 4 5 6]
[1 2 3 4 5 6]
[1 2 3 4 5 6]
[1 2 3 4 5 6]
[1 2 3 4 5 6]
[1 2 3 4 5 6]
[1 2 3 4 5 6]
[1 2 3 4 5 6]
[1 2 3 4 5 6]
[1 2 3 4 5 6]
[1 2 3 4 5 6]
[1 2 3 4 5 6]
[1 2 3 4 5 6]
[1 2 3 4 5 6]
[1 2 3 4 5 6]

#################
#VIDEO VIEW TIME#
#################

RAW TIMES:
[ 32520  25018  28245  46329   6129   9907  51526  24768  65000  21423
  27987  27124  23246  24297  26153  23507  21935  34483  32399  18971
  37197  29274  27149  32436  24815  35380  29794  30153  23031 109406
 190315  68440 326873  64235  24942  32171 106410  38794 111008  22630
  25323  47923  31839]
[  8253   8940  11669  47008      0   7971   9714  14046  21713  36107
   8891   9111   9075   7981  10332   8251   6123  17766  10088  32395
  26792   9506   3512   9811   8110  16301   9691  10780  10720  26761
  22340  27025  22816  19662  10092   9810 142199  26443  17019   8419
   8401  13322  35327]
[ 8324  6863  8818 10619     0  8033  6294  2355 19358  7138  8102  7630
 12453  5568 10590  6681  6373  8525  6062 19226 11080  6628  2890 10416
  8408 15417  8985  9685  9326 29387 17293 12444 15603 15561  7880 10032
 17455 13782 18512  6836  7030 10847 13531]
[ 9008  7168 12566 15472     0  8809  6963 11481 30895  7374  7163  7976
  7475  6280  8593  7513  6494  7959  7702 22091 10691  8868 12010 11071
  7443 14772  6232 23264  7590 35827 21603 16157 29894 18921  9447 14384
 14843 11860 25986  6513  7172 13283 17718]
[22580  6519 10790 14134     0 22497  6617  8481 29168  5888  7722  9554
  6760  6511  8130  6702  6273  7616  7983 20417 34639  7549  3396 18349
  7613 14638  8007 16325  7787 56616 20474 24427 19750 10426 15853 10432
  8638 11620 19731  6108  6888 11164 14393]
[11560  6893  9542 32168     0  9926  5929  6873 18274 16530  6795  3112
  6995  4511  8932  6425 10556  7741  5587 32546  5460  7071  5887 12122
  9689 11210 37091 12734  4733 56162 21331 18763 55422 10635  7343 11177
  8633 23285 18417  5906  6978  8900 10567]
MEAN:
[47453.605 18146.349 10419.535 12663.512 13236.395 13497.93 ]

#################
#GRADE VIEW TIME#
#################

RAW TIMES:
[ 5372 17214 20264  8270 19726  6114 52030 18982 36169 11164 15888  9731
 17184 12223 20542 13975  5204 12551  9439  8939 17971 17836  7316  4609
 31438 13953 19415  6979 17890 25969 10938 10813 27188 21072 20233  4530
  9905  6399 20777 22786 14949 36537  4997]
[ 2799  9405 17131  4173 25281  4190 12610  8831  6937 16302  7481 14884
  8988  2650 17875 11251 13492 15730  8348 11969  6151  8175  4715  3363
 10300  9132  9528  3975 17488 15470 13154  5929 17379 13710 20210  9821
 10966  4296  6690  9495  9115 26800 14025]
[ 2980  2386  4173  6743 15992  4730  8125  6337  8507  3470  4642  3685
  5579  2031 13244  1798  1744  8010  4505  5640  4280  2755  5977  3478
  4362  3463  3175  4283  4868  9209  4891  3868 14475  7852  2374  6764
  7767  4277 19228  3884 11588 14973  4398]
[ 3504  2234  3824  4695 13182  3419  7041  3848 15601  4468  2280  2389
  2770  1389  2200  1611  1510  9554  2831 14312  7080  1969  3476  3752
  4369  6985  3749  4356  2735  7540  5363  2977  8469  6209  1906  4359
  6532  6442  3343  2328  2336 11955  4601]
[ 4752  1991  3588  5618 15053  3405  8568  2819  4712  3478  3623  5744
  2225  1400  4601  1685  5228  4500  2055  8813  5489  2015  7170  3371
  3459  3598  3221  5212  2252  8436  5195  3863  5511  6804  3558 18436
  4096  4842  3646  2416  6733  4871  4701]
[ 3319  2150  5297  6077 14787  3629 17207  5063  5380  3753  2758  5217
  4560  1739  3760  2098  1906  3550  2060  6380  7102  2272  3234  3767
  3482  6683  3288  4928  2966  5623  5159  2995 79261  6826  2507  6936
 10931  8930  3565  3132  2840  3646  4694]
MEAN:
[16173.977 10935.209  6197.907  5011.465  4947.744  6638.535]

###############
#DEVICE COUNTS#
###############

Desktop: 20
Laptop: 19
Tablet: 0
Smart phone: 4
Other device: 0

##################
#AGE GROUP COUNTS#
##################

18 - 24: 1
25 - 31: 22
32 - 38: 9
39 - 45: 3
46 - 52: 2
53 - 59: 1
60 and above: 5

################
#NETWORK COUNTS#
################

WiFi: 25
Cable network: 14
Cellular network: 3
Other: 1

###########
#REASONING#
###########

A10AY39RH8ZB7I: none
A11S8IAAVDXCUS: I made one error, on the first 3 second video, I meant to put agree. If it was gameplay and not a cinematic clip, then I thought it was important
A14EEWC3KEF63G: NONE
A17D6BK59S31BM: None
A1DZDAR6J7N3HH: The one that scored a goal.
A1EK8YNHZHTW1J: None
A1JWVT9JBWD3KC: good
A1KHRQ121JTDF6: whether something important happen in correlation to the events of the video
A1MWWWOBDO7WN6: sports
A1OKRXYRGH6Y4S: none
A1OQIXAU1SEJ4P: I really looked at what was happening in each clip.
A1RK0CUIRZH3PT: videos where the ball get hit by a player are more important because they make you want to keep watching what happens next
A1ZB2NY0F9QNP0: Whether or not I'd seen the main goal.
A273EH17NSJRH0: if it was a view of the ball getting close to the goal
A27543PSHZQKUV: The clips where they were just moving the ball around I deemed unimportant. That's just average soccer and unrelated to the missed goal.
A27MJOV91GA8R3: I figure the most important part of the clip was the shot on goal.  If it related to that and was important to setting up the shot - it was important.
A2BZY06YRWGEDL: If it showed something important like a goal or missing a goal. 
A2HJDLSU95MH8Q: whether it led to something a fan would think is important, like a missed goal, or disappointed player
A2NGMLBFZ3YQP5: What impact the action had on the attempt to make a goal and failure to do so
A2OI9V9BWS7YBN: none
A2QU4SCDLP99XC: None
A2QUQ0S2F6K3QJ: If it was a missed goal or goal attempt I thought it would be important. 
A2TVOGVWO882L1: None 
A2V7M4R4Z9X4KZ: yes very important
A2VRDE2FHCBMF8: If the content of the video was interesting/important to understand the video, or not
A2Y2RVQO2UVFV1: None
A37O5SYY9VWSPY: none
A37YC7R1H04X9P: NONE
A3A8P4UR9A0DWQ: If it showed the result of the play
A3F9N2P4NUUR7S: The goal kick prior and after
A3I27FWCMDH483: ACTION TAKING PLACE AT THAT INSTANCE IN THE VIDEO
A3KL95PSK41O61: Good
A3RUL1OC4CAINK: I selected the videos that had to do with the missed goal mainly.  Not the ones that were just showing the playing leading up or after the missed shot.
A3U0KQ4SJIFH55: none
A3UPZ88FI1EJC: How interesting the clip was as well as how important to the overall video I considered it to be
A8WWSKUYQ4X5N: None
ACI8PUCF5OPDC: If it has any important event.
AFDOCG0RZGSXU: None
AINSRL4E8BAWG: none
AK3H5QRAROFGP: It depended on the relevance to the scene in regards to the game
AP4A0MZOKR52J: if the action was around the goal or showed something that lead to a goal
ASM06EV1KY10G: None
AU5BD5NSSES9H: The clearance of video
