LOG OF original_videos_Sports_720P_Sports_720P-07d0 SURVEY RESULTS

########
#GRADES#
########

RAW GRADES:
[5 5 2 3 5 5 5 5 5 5 5 5 5 4 5 5 5 5 5 4 5 4 5 5 5 5 3 5 5 5 2 4 5 5 4 5 5
 4 5 4 5]
[2 5 5 4 3 5 5 5 4 3 1 5 4 5 1 4 4 5 3 3 2 4 3 2 3 5 5 4 4 4 2 4 1 3 4 2 1
 5 1 5 5]
[3 3 3 3 3 5 4 5 4 4 1 5 4 5 1 4 4 5 2 5 1 5 5 2 3 5 5 3 3 3 2 4 1 4 3 2 1
 4 4 4 4]
[1 3 1 2 3 5 4 5 4 2 1 5 2 5 1 4 2 5 1 3 1 4 2 2 2 5 4 1 1 2 2 4 1 1 3 2 1
 4 4 4 4]
[2 4 3 4 3 5 3 5 4 3 1 5 4 5 3 2 3 5 4 2 1 3 2 2 2 5 3 2 2 3 2 4 1 2 2 2 1
 5 4 5 5]
[1 4 2 4 3 4 3 5 4 3 1 5 4 5 1 2 2 5 3 2 1 4 2 1 2 5 1 1 3 5 2 4 1 1 3 3 1
 5 4 5 5]
[1 4 2 3 3 4 4 5 4 2 1 5 1 5 2 2 4 5 3 3 1 5 3 2 2 5 4 2 2 5 1 4 1 3 4 3 1
 1 4 5 4]
MEAN:
[4.585 3.537 3.439 2.756 3.122 2.976 3.049]
STANDARD ERROR:
[0.124 0.213 0.201 0.226 0.205 0.233 0.221]

STANDARDIZED GRADES:
[ 2.108  1.323 -0.485 -0.408  2.449  0.632  1.323  0.     2.449  1.876
  2.449  0.     1.215 -2.449  2.121  1.477  1.497  0.     1.673  0.866
  2.372 -0.224  1.491  2.339  2.219  0.    -0.442  1.735  1.721  1.016
  0.408  0.     2.449  1.65   1.021  2.219  2.449  0.     1.108 -1.155
  0.866]
[-0.105  1.323  2.062  1.021 -0.408  0.632  1.323  0.    -0.408 -0.144
 -0.408  0.     0.442  0.408 -0.707  0.615  0.544  0.     0.    -0.144
  0.206 -0.224 -0.115 -0.246  0.277  0.     1.104  1.021  0.918  0.127
  0.408  0.    -0.408  0.206  1.021 -0.693 -0.408  0.764 -2.339  0.866
  0.866]
[ 0.632 -1.323  0.364 -0.408 -0.408  0.632  0.     0.    -0.408  0.866
 -0.408  0.     0.442  0.408 -0.707  0.615  0.544  0.    -0.837  1.876
 -0.516  1.342  1.491 -0.246  0.277  0.     1.104  0.306  0.115 -0.762
  0.408  0.    -0.408  0.928 -0.408 -0.693 -0.408  0.     0.246 -1.155
 -1.155]
[-0.843 -1.323 -1.334 -1.837 -0.408  0.632  0.     0.    -0.408 -1.155
 -0.408  0.    -1.104  0.408 -0.707  0.615 -1.361  0.    -1.673 -0.144
 -0.516 -0.224 -0.918 -0.246 -0.693  0.     0.331 -1.123 -1.491 -1.651
  0.408  0.    -0.408 -1.238 -0.408 -0.693 -0.408  0.     0.246 -1.155
 -1.155]
[-0.105  0.     0.364  1.021 -0.408  0.632 -1.323  0.    -0.408 -0.144
 -0.408  0.     0.442  0.408  0.707 -1.108 -0.408  0.     0.837 -1.155
 -0.516 -1.789 -0.918 -0.246 -0.693  0.    -0.442 -0.408 -0.688 -0.762
  0.408  0.    -0.408 -0.516 -1.837 -0.693 -0.408  0.764  0.246  0.866
  0.866]
[-0.843  0.    -0.485  1.021 -0.408 -1.581 -1.323  0.    -0.408 -0.144
 -0.408  0.     0.442  0.408 -0.707 -1.108 -1.361  0.     0.    -1.155
 -0.516 -0.224 -0.918 -1.108 -0.693  0.    -1.988 -1.123  0.115  1.016
  0.408  0.    -0.408 -1.238 -0.408  0.277 -0.408  0.764  0.246  0.866
  0.866]
[-0.843  0.    -0.485 -0.408 -0.408 -1.581  0.     0.    -0.408 -1.155
 -0.408  0.    -1.877  0.408  0.    -1.108  0.544  0.     0.    -0.144
 -0.516  1.342 -0.115 -0.246 -0.693  0.     0.331 -0.408 -0.688  1.016
 -2.449  0.    -0.408  0.206  1.021  0.277 -0.408 -2.291  0.246  0.866
 -1.155]
MEAN:
[ 1.058  0.229  0.057 -0.546 -0.201 -0.306 -0.291]
STANDARD ERROR:
[0.179 0.115 0.111 0.103 0.108 0.114 0.126]

#############
#VIDEO ORDER#
#############

RAW ORDERS:
[1 2 3 4 5 6 7]
[1 2 3 4 5 6 7]
[1 2 3 4 5 6 7]
[1 2 3 4 5 6 7]
[1 2 3 4 5 6 7]
[1 2 3 4 5 6 7]
[1 2 3 4 5 6 7]
[1 2 3 4 5 6 7]
[1 2 3 4 5 6 7]
[1 2 3 4 5 6 7]
[1 2 3 4 5 6 7]
[1 2 3 4 5 6 7]
[1 2 3 4 5 6 7]
[1 2 3 4 5 6 7]
[1 2 3 4 5 6 7]
[1 2 3 4 5 6 7]
[1 2 3 4 5 6 7]
[1 2 3 4 5 6 7]
[1 2 3 4 5 6 7]
[1 2 3 4 5 6 7]
[1 2 3 4 5 6 7]
[1 2 3 4 5 6 7]
[1 2 3 4 5 6 7]
[1 2 3 4 5 6 7]
[1 2 3 4 5 6 7]
[1 2 3 4 5 6 7]
[1 2 3 4 5 6 7]
[1 2 3 4 5 6 7]
[1 2 3 4 5 6 7]
[1 2 3 4 5 6 7]
[1 2 3 4 5 6 7]
[1 2 3 4 5 6 7]
[1 2 3 4 5 6 7]
[1 2 3 4 5 6 7]
[1 2 3 4 5 6 7]
[1 2 3 4 5 6 7]
[1 2 3 4 5 6 7]
[1 2 3 4 5 6 7]
[1 2 3 4 5 6 7]
[1 2 3 4 5 6 7]
[1 2 3 4 5 6 7]

#################
#VIDEO VIEW TIME#
#################

RAW TIMES:
[ 28388  64108  25025  21193 120393  34004  49135  14963  34090  30414
  28147  40034  30600  44871  27159  23831  24792  38998  27345  29961
  25996  27968  34703   8232  72032  30539   3763  34603  33045  20744
  27298  58123  29332  25584  30454  32236   7359  47782  56805  97309
 335090]
[ 7734 19834  7055 26327  8421 64265  5725 29723 18771 13732  8785  5638
  7424 18583  7575  8021  7568 18830  8555  9465 11225 18037 12230  6047
 12104  9470 19390 12377 10117  8720  9437 13107  9071 11503 16276 10410
  6633  8924 11550 27221  3387]
[ 7645 19366  7492 15491  9056 29852  5672 32396  9523 11126 11641  5239
  7627 12315  6986  4538  7798 14312  9180  9981 11041 17762 10628  8754
 12497 10845 15943  9064  8150  7935 28367 10742  6345  7320 53850 17034
  6813 11246  9783 10103  6106]
[ 7413  9671  7028 25079 34955 12085  1071 15880 13618 11206  8357  4712
  9523 13661  6508  2753  6153 12427  6918  8870 11823  6793 11110 11353
  9024  8370  8955  8161  8696 12788  8775  5331 14354  8691 17304 16240
  6214 11781  9202 13928  2477]
[ 8344  9473  8406 10136 12757 11437  5837 11830 11130 10100 12237  4226
  6097 11529  7164  4760  5847 12883  8785 11342 13397  9735 10771 12983
 11438 10193 13109 11896 11251 20192  8737  8447  3466  8320 15591 10730
  7301 13348  9019  9846  2424]
[ 6891  6081  6752  4164  9611 12299  4447 33570 10976  8988 10201  4195
  6134 12356  5804  2211  6017 11841  9005  8454 25158 16032 11288  8829
  9418  8472 22931  8761 12883 60247 12110  6073 14113  7218 10713 12074
  7096 10152 16470 11388  4528]
[ 6885  3473  7326  5115  8970 12204  6006 35178  8802 10321  8049  5052
  6333 11190  6802  3619  6257 14446  7464  8373  7803 13167 10878  9731
 11255  7594 48554  8019 27846 14750  8109  5487 17162  9041 13881 33650
  7957  9699 10306  9558  3734]
MEAN:
[43328.    13396.756 12623.512 10469.707  9914.976 11608.561 11464.537]

#################
#GRADE VIEW TIME#
#################

RAW TIMES:
[10620  3257 16661  4397  7702 19043  5052 52441 18682 12980 22791 13482
 68988  5824 12974  6646 35343 21200 20142  7842 10337  3754 25783  4748
 15558 21051 11483 66761 16857  4032 17608 22774  4103  8474  5194  5959
  6291  4136  6889  4709  4830]
[ 8950  7067 14127  2389  4309 18995  2508  9286 94144  4226  5389  7110
 10126  8606  7020 48496 15378  5979 23762  4925 14891 12168 11743  4375
 16691  5396  3857 16130 14239  3798 16596 28707  3099 13508  3711  5414
  6766  3521  3619  3941 28542]
[ 4749  2135  2661  2077  4083  8914  1518 12544  7577  5444  9833  6279
  3950  8539  2976  1870  6712  4896  3714 15144  9558  3269  8946  4630
 37505 11773  3518  5255  2180  8370  3037 39288  3235  2030  4374 10172
  7979  3776  6901  5988  7569]
[ 1885  2461  2918  5096  4891  5425  2478 19883 16841  4302 11744  7257
  5021  5317  7112  1644  3536  8878  2505 12998  3289  3866 11355  4138
  4664  7092  3241  7265  3676 11045  3101 12750  2757  4308  4788 10946
  6230  4036  5134  3745  3342]
[ 2075  2023  2529  2500  7458  5593  1554 17617  3894  3963  3641  5090
  2834  5050  3368  4213  2103  5247  3869  9605  3471  4230  5432  4799
  4088  9578  4121  4399  4530 41434  3517 12523  4610  2958  3947  5355
  5560  3839  4698  9770  4561]
[ 1833  1545  4734  8098  6895  9690  1542 17321 10521  3607  4180  5710
  3143  4776  2049  1967  1952 12466  3762  3580  3177  3928  6753  4503
  4362  9794  9758  7698  3954 19499  3036 10873  3320  2218  3833 17279
  5698  4493 12041  3571  4349]
[ 1833  2205  6075  5317  9934  6764  2589  6235  4584  3763  3778  5250
  2171  8395  3510  1648  4184  8881  3109  6775  3060  3129  5336  6120
  4654  4922 52767  3661  4257  6263  3419 14422  3400  2635  4085  5084
  7141  4024  4340  3991  2994]
MEAN:
[15546.293 12768.39   7438.244  6169.756  5893.805  6183.122  6017.171]

###############
#DEVICE COUNTS#
###############

Desktop: 23
Laptop: 16
Tablet: 1
Smart phone: 1
Other device: 0

##################
#AGE GROUP COUNTS#
##################

18 - 24: 4
25 - 31: 23
32 - 38: 12
39 - 45: 2
46 - 52: 0
53 - 59: 0
60 and above: 0

################
#NETWORK COUNTS#
################

WiFi: 19
Cable network: 20
Cellular network: 2
Other: 0

###########
#REASONING#
###########

A3HE7G3O3OST51: the amount of action that took place and whether it was exciting or not. 
ABL3H3O3BI8ZD: None
A17TKHT8FEVH0R: If there was more than 1 thing to see, then it was more important.
A3SD02HCW68EUL: None
A2Q1HFLM62BRMB: None
A1S629MLDKZ2DI: important
A2I6ZALE49CVSC: If any action was gonna happen.
ANYJ22IOQKAX3: None
AVKCPL8XMWX0J: None
A6PO7JT39QQGP: yes i will see the difference
ALV4DAF8DIJ37: none
A1JWVT9JBWD3KC: good
AMPMTF5IAAMK8: how important to the event was it
A2JPZQRV4R14O9: car show
A3OUPYBW02ZXDA: none
A2FIMENJ9UMN7M: If the clip had a strong emotion that set the overall video
A222XREQ12K58P: I judged clips that featured the main point of the video (cars drifting on a track) as more important than those that featured only short snippets of the vehicles, vehicles simply driving forward, or without any vehicles at all.
A12BNHYGU1VWGL: NONE
A3OTBMKOEQ410P: How much of the original video was shown and how often there was nothing on the screen. 
A19GQUWRWUPTSD: None
A2V3ACWCV38QM0: Thank you
AR9V5TYKSZQ78: None
AK4P9U9NS9DQF: The position of the cars 
A24UZUQ7X7JL82: good experience
A215U3DIT24TIL: the time of the video and the content in the video
A2M8LILG4AII22: drift the car
AJJ5WPCE800YX: None
A1T8I5BLMJDLQT: when the all cars are going to take one place and any incident between the cars like accident or stunt is taken place
ASTR3EPUOKEXV: if it showed a dangerous situation
A2YZHBU3XTPYWZ: maybe important
A3MEGTO8MPAH8D: Uneventful videos
A11T7A917PMNSX: EASY TO WATCH
A2MDHOD643AW1K: Thank you
A1RK0CUIRZH3PT: i think is more important when there are cars on the screen and if theyre dragging then they are more important to see what happens next
A2CJR75OLLAU6: None
A8K4GQ3KTQPFK: good experience
A3RSXV4XDDHHS1: Thank you
A12X70QUC2QXYN: None
A2HSP6MZC9K06D: None
A3L4J9UD2Z2GJU: None
ACRGYG82LFYTU: none
