LOG OF Soccer_720p SURVEY RESULTS

########
#GRADES#
########

RAW GRADES:
[5 5 5 5 4 4 4 5 5 5 5 5 5 5 5 5 4 5 5 5 5 4 5 5 5 5 5 5 5 4 5 4 5 4 4]
[5 3 5 5 3 4 3 2 3 5 5 3 3 5 1 3 4 4 4 4 4 3 4 5 2 5 3 2 3 3 4 5 4 3 4]
[5 4 5 5 4 4 3 4 4 5 5 3 3 5 1 4 4 5 5 4 4 3 4 5 2 4 4 2 4 4 5 4 5 3 5]
[1 2 5 5 3 2 4 3 4 5 5 3 3 5 1 2 5 2 2 4 1 3 4 5 4 2 4 1 4 2 4 3 4 3 4]
[3 2 4 5 4 4 4 2 2 5 5 3 3 5 3 4 4 4 1 4 2 3 4 5 3 3 4 1 4 2 5 5 4 2 5]
[5 5 5 5 5 4 4 4 4 5 5 4 3 5 4 4 4 5 5 5 4 3 3 5 4 3 3 2 5 4 5 4 5 3 5]
MEAN:
[4.743 3.657 4.    3.257 3.514 4.229]
STANDARD ERROR:
[0.074 0.176 0.167 0.219 0.199 0.14 ]

STANDARDIZED GRADES:
[ 0.655  1.192  0.447  0.     0.243  0.447  0.707  1.508  1.414  0.
  0.     1.964  2.236  0.     1.555  1.414 -0.447  0.781  0.834  1.414
  1.213  2.236  1.732  0.     1.508  1.206  1.698  2.109  1.213  0.928
  0.707 -0.243  1.     1.732 -1.   ]
[ 0.655 -0.397  0.447  0.    -1.213  0.447 -1.414 -1.206 -0.707  0.
  0.    -0.655 -0.447  0.    -0.933 -0.707 -0.447 -0.156  0.209 -0.707
  0.485 -0.447  0.     0.    -1.206  1.206 -1.213 -0.124 -1.698 -0.186
 -1.414  1.213 -1.     0.    -1.   ]
[ 0.655  0.397  0.447  0.     0.243  0.447 -1.414  0.603  0.354  0.
  0.    -0.655 -0.447  0.    -0.933  0.354 -0.447  0.781  0.834 -0.707
  0.485 -0.447  0.     0.    -1.206  0.302  0.243 -0.124 -0.243  0.928
  0.707 -0.243  1.     0.     1.   ]
[-1.964 -1.192  0.447  0.    -1.213 -2.236  0.707 -0.302  0.354  0.
  0.    -0.655 -0.447  0.    -0.933 -1.768  2.236 -2.03  -1.043 -0.707
 -1.698 -0.447  0.     0.     0.603 -1.508  0.243 -0.868 -0.243 -1.3
 -1.414 -1.698 -1.     0.    -1.   ]
[-0.655 -1.192 -2.236  0.     0.243  0.447  0.707 -1.206 -1.768  0.
  0.    -0.655 -0.447  0.     0.311  0.354 -0.447 -0.156 -1.668 -0.707
 -0.97  -0.447  0.     0.    -0.302 -0.603  0.243 -0.868 -0.243 -1.3
  0.707  1.213 -1.    -1.732  1.   ]
[ 0.655  1.192  0.447  0.     1.698  0.447  0.707  0.603  0.354  0.
  0.     0.655 -0.447  0.     0.933  0.354 -0.447  0.781  0.834  1.414
  0.485 -0.447 -1.732  0.     0.603 -0.603 -1.213 -0.124  1.213  0.928
  0.707 -0.243  1.     0.     1.   ]
MEAN:
[ 0.926 -0.36   0.083 -0.602 -0.382  0.336]
STANDARD ERROR:
[0.135 0.121 0.101 0.158 0.136 0.121]

#############
#VIDEO ORDER#
#############

RAW ORDERS:
[1 2 3 4 5 6]
[1 2 3 4 5 6]
[1 2 3 4 5 6]
[1 2 3 4 5 6]
[1 2 3 4 5 6]
[1 2 3 4 5 6]
[1 2 3 4 5 6]
[1 2 3 4 5 6]
[1 2 3 4 5 6]
[1 2 3 4 5 6]
[1 2 3 4 5 6]
[1 2 3 4 5 6]
[1 2 3 4 5 6]
[1 2 3 4 5 6]
[1 2 3 4 5 6]
[1 2 3 4 5 6]
[1 2 3 4 5 6]
[1 2 3 4 5 6]
[1 2 3 4 5 6]
[1 2 3 4 5 6]
[1 2 3 4 5 6]
[1 2 3 4 5 6]
[1 2 3 4 5 6]
[1 2 3 4 5 6]
[1 2 3 4 5 6]
[1 2 3 4 5 6]
[1 2 3 4 5 6]
[1 2 3 4 5 6]
[1 2 3 4 5 6]
[1 2 3 4 5 6]
[1 2 3 4 5 6]
[1 2 3 4 5 6]
[1 2 3 4 5 6]
[1 2 3 4 5 6]
[1 2 3 4 5 6]

#################
#VIDEO VIEW TIME#
#################

RAW TIMES:
[ 42195  43709  30081  34740  34463  83041  31880  37374  50103  37227
  54998  34726  43149  38186  14704  51182  69625  35619  29231  34848
  42575  63798 338971 213978 118982 100727  31039  31255  65480  41417
  62455 146120 114648 142704  15213]
[11692  9938  9158 10804 12163 62229 18270 11691 13518 19075 31259 27686
 71813 26273  9150 13579 17350 14887 10309 13440 23560 58189  9212 14868
 98755  9748 11385  9532 23808 95496 22572 26914 24318 46305  7185]
[12177  9064 12258 31743 16533 26310 26023 10035  8944 28147 40257 11043
 12667 11218 15815 10693 48039 11261  8545 16731 14082 39125 22525 16353
  8708  8232 10015  9204 29841 27772 24213 34847  2339 46109 11195]
[13159  9281  7846  9049  5671 35507 13410  8904 10657 19630 16533 10576
 22981 15462  5624 12723 11804 11964  8348 34065 14571 25434  8788 18321
  7468  8052  9875  8890 34694 36396 21080 14886 14309 16064  7751]
[13005  8487 18413 11356  5392 29397  9340 10007 13074 11404 61851  9971
 14940 16286  9011 23692 20167 12281  9440 12553 13815 26073  8664 19393
  8021  8978 10287  9255 25248 42582 24342 53266  7333 19027  7578]
[10269  8481  8292  8927  9891 25053  9763 10322  9850 39552 80237  8303
 14033 14448  5572 11536 12941 14000  8114 11828 12523 26171 10087 27540
  8245  8600  8312  9469  2232 14040 34346 56067  8182  9863  7577]
MEAN:
[67441.229 25603.743 19201.8   15136.371 17255.114 16133.314]

#################
#GRADE VIEW TIME#
#################

RAW TIMES:
[24750 16320  4146  3701 12460 29178 24194 14305 20553  4749 14319  3496
  7822 15459 15393 39703 18898 17023 16933  9739 26493  3175  6074  9492
 22651 86401  5165  4566 21875 19469 17928  6191  8919 14132  3412]
[13112 12471  2588  4418 11985 16122 14385 11105 27454  4814 27188  4791
  5162 11568 12458 23856  6244 14624 15210  5130 26260  6687  2692  4595
 54712  2707 37209  7383 30391 13859 23251  6034  4393  9834  3531]
[ 6967  4836  2417  3909  5338 34606 31577 28086  8014  4120 12146  2289
  5650  5785  5784  5438  9608  6445  5286  6775 10055  2734  2874  3230
  8924  3041  3211  3988 15404  9456  5747 18568  7808 16982  3192]
[ 6002  4239  2387  3869  3407 11841  8374  4837  4046  4764  5081  2913
  5318  4876  6392  4653  4972  4465  4085 10340  7714  2773  3194  3219
  5146  2468  4882  3365  6062  6340  5247  4222 30786  7312  3654]
[ 4221  4175  3689  4389  4641 10270  6114  3863  7588  4003  6605  2873
 11182  4727 12289  9179  3945  4350  2313  6000  7052  2747  2448  8851
  4695  3202  2749  3367 72338  8102 38976 12479  7806  4175  3521]
[ 4187  2416  2762  4265  3627 10919 15787  3636 24748  4097 33008  4166
  5322  4074  5860  3102  3646  5249  2874  7954  9786  2629  2464  9690
 11024  3000  2996  9313  2777 10015  8158  4979  3726  4423  3569]
MEAN:
[16259.543 13663.514  8865.429  5807.     8540.686  6864.229]

###############
#DEVICE COUNTS#
###############

Desktop: 19
Laptop: 13
Tablet: 1
Smart phone: 0
Other device: 0

##################
#AGE GROUP COUNTS#
##################

18 - 24: 1
25 - 31: 12
32 - 38: 15
39 - 45: 3
46 - 52: 2
53 - 59: 1
60 and above: 1

################
#NETWORK COUNTS#
################

WiFi: 13
Cable network: 17
Cellular network: 2
Other: 1

###########
#REASONING#
###########

A121T4P5NKCHCS: Shots on goal are important to watch, shots of players standing around are not
A12IHTKQFQIPD1: Whether it contained any sports action.
A1QOMPJQC9M6UO: None
A1VPSWYSCJYPEB: none
A1X7S1W2AAMCVT: What it showed happening.
A1ZZINLCZZYOH4: none
A20PV3RB3I0W8S: This video clip is very important because how they did foul are recorded from this video  
A215U3DIT24TIL: to understand the match how this video is helpful is that
A2519LCLPN7Y6I  : nenhum
A2DOVCLZX0GLLZ: None
A2EBYJVHW8NGM2: None
A2KWEVSI7P1RGQ: NONE
A2Q1HFLM62BRMB: None
A2WJMGV0HKQG3Z: length of time and the action taking place
A36VE0W154IHO7: based on the moment on it
A397K04YEICKVH: the excitment of the moments, gol lost or effective gol.
A39AQAOIVMC9OC: good
A3F9N2P4NUUR7S: The goal point
A3GEL5PWFIK05S: If it was the most important part of the full video
A3GGA7I8AFZ8KZ: None
A3GSIZ2GX4L1Z3: How one defends the goal and also how one puts a goal
A3GZIHJPEIS2JP: None
A3J08ETUZNPUF3: none
A3J2875P6N7IZ3: good
A3JUAU2JL5OZ8D: important
A3K6LZAQZOAPB2: none
A3NBJ2WSWYJPWY: None
A3QQD8CMGDUN8X: none
A4GNG63HZBEJ3: If the clips contained interesting or important events leading to the game outcome
A4PFF3LK637YM: entertainment, importance of the bid
A8AK4WHNZS755: none
AAHOPJAJU4986: none
AMAFSYF3T9WYL: none
ARN9ET3E608LJ: None
AYMJAMX7Z7YHG: none
